ERROR - 2023-03-26 01:21:16 --> mysqli_sql_exception: Table 'apteka.product' doesn't exist in /home/evgeny/Documents/apteka/back/vendor/codeigniter4/framework/system/Database/MySQLi/Connection.php:295
Stack trace:
#0 /home/evgeny/Documents/apteka/back/vendor/codeigniter4/framework/system/Database/MySQLi/Connection.php(295): mysqli->query()
#1 /home/evgeny/Documents/apteka/back/vendor/codeigniter4/framework/system/Database/BaseConnection.php(691): CodeIgniter\Database\MySQLi\Connection->execute()
#2 /home/evgeny/Documents/apteka/back/vendor/codeigniter4/framework/system/Database/BaseConnection.php(605): CodeIgniter\Database\BaseConnection->simpleQuery()
#3 /home/evgeny/Documents/apteka/back/vendor/codeigniter4/framework/system/Database/BaseBuilder.php(1616): CodeIgniter\Database\BaseConnection->query()
#4 /home/evgeny/Documents/apteka/back/vendor/codeigniter4/framework/system/Model.php(241): CodeIgniter\Database\BaseBuilder->get()
#5 /home/evgeny/Documents/apteka/back/vendor/codeigniter4/framework/system/BaseModel.php(618): CodeIgniter\Model->doFindAll()
#6 /home/evgeny/Documents/apteka/back/app/Controllers/Products.php(31): CodeIgniter\BaseModel->findAll()
#7 /home/evgeny/Documents/apteka/back/vendor/codeigniter4/framework/system/CodeIgniter.php(934): App\Controllers\Products->index()
#8 /home/evgeny/Documents/apteka/back/vendor/codeigniter4/framework/system/CodeIgniter.php(499): CodeIgniter\CodeIgniter->runController()
#9 /home/evgeny/Documents/apteka/back/vendor/codeigniter4/framework/system/CodeIgniter.php(368): CodeIgniter\CodeIgniter->handleRequest()
#10 /home/evgeny/Documents/apteka/back/public/index.php(67): CodeIgniter\CodeIgniter->run()
#11 /home/evgeny/Documents/apteka/back/vendor/codeigniter4/framework/system/Commands/Server/rewrite.php(47): require_once('/home/evgeny/Do...')
#12 {main}
CRITICAL - 2023-03-26 01:21:16 --> Table 'apteka.product' doesn't exist
in SYSTEMPATH/Database/BaseConnection.php on line 645.
 1 SYSTEMPATH/Database/BaseBuilder.php(1616): CodeIgniter\Database\BaseConnection->query()
 2 SYSTEMPATH/Model.php(241): CodeIgniter\Database\BaseBuilder->get()
 3 SYSTEMPATH/BaseModel.php(618): CodeIgniter\Model->doFindAll()
 4 APPPATH/Controllers/Products.php(31): CodeIgniter\BaseModel->findAll()
 5 SYSTEMPATH/CodeIgniter.php(934): App\Controllers\Products->index()
 6 SYSTEMPATH/CodeIgniter.php(499): CodeIgniter\CodeIgniter->runController()
 7 SYSTEMPATH/CodeIgniter.php(368): CodeIgniter\CodeIgniter->handleRequest()
 8 FCPATH/index.php(67): CodeIgniter\CodeIgniter->run()
 9 SYSTEMPATH/Commands/Server/rewrite.php(47): require_once('FCPATH/index.php')
ERROR - 2023-03-26 01:29:34 --> mysqli_sql_exception: Table 'apteka.product' doesn't exist in /home/evgeny/Documents/apteka/back/vendor/codeigniter4/framework/system/Database/MySQLi/Connection.php:295
Stack trace:
#0 /home/evgeny/Documents/apteka/back/vendor/codeigniter4/framework/system/Database/MySQLi/Connection.php(295): mysqli->query()
#1 /home/evgeny/Documents/apteka/back/vendor/codeigniter4/framework/system/Database/BaseConnection.php(691): CodeIgniter\Database\MySQLi\Connection->execute()
#2 /home/evgeny/Documents/apteka/back/vendor/codeigniter4/framework/system/Database/BaseConnection.php(605): CodeIgniter\Database\BaseConnection->simpleQuery()
#3 /home/evgeny/Documents/apteka/back/vendor/codeigniter4/framework/system/Database/BaseBuilder.php(1616): CodeIgniter\Database\BaseConnection->query()
#4 /home/evgeny/Documents/apteka/back/vendor/codeigniter4/framework/system/Model.php(241): CodeIgniter\Database\BaseBuilder->get()
#5 /home/evgeny/Documents/apteka/back/vendor/codeigniter4/framework/system/BaseModel.php(618): CodeIgniter\Model->doFindAll()
#6 /home/evgeny/Documents/apteka/back/app/Controllers/Products.php(54): CodeIgniter\BaseModel->findAll()
#7 /home/evgeny/Documents/apteka/back/vendor/codeigniter4/framework/system/CodeIgniter.php(934): App\Controllers\Products->getProductsByCategoryId()
#8 /home/evgeny/Documents/apteka/back/vendor/codeigniter4/framework/system/CodeIgniter.php(499): CodeIgniter\CodeIgniter->runController()
#9 /home/evgeny/Documents/apteka/back/vendor/codeigniter4/framework/system/CodeIgniter.php(368): CodeIgniter\CodeIgniter->handleRequest()
#10 /home/evgeny/Documents/apteka/back/public/index.php(67): CodeIgniter\CodeIgniter->run()
#11 /home/evgeny/Documents/apteka/back/vendor/codeigniter4/framework/system/Commands/Server/rewrite.php(47): require_once('/home/evgeny/Do...')
#12 {main}
CRITICAL - 2023-03-26 01:29:34 --> Table 'apteka.product' doesn't exist
in SYSTEMPATH/Database/BaseConnection.php on line 645.
 1 SYSTEMPATH/Database/BaseBuilder.php(1616): CodeIgniter\Database\BaseConnection->query()
 2 SYSTEMPATH/Model.php(241): CodeIgniter\Database\BaseBuilder->get()
 3 SYSTEMPATH/BaseModel.php(618): CodeIgniter\Model->doFindAll()
 4 APPPATH/Controllers/Products.php(54): CodeIgniter\BaseModel->findAll()
 5 SYSTEMPATH/CodeIgniter.php(934): App\Controllers\Products->getProductsByCategoryId()
 6 SYSTEMPATH/CodeIgniter.php(499): CodeIgniter\CodeIgniter->runController()
 7 SYSTEMPATH/CodeIgniter.php(368): CodeIgniter\CodeIgniter->handleRequest()
 8 FCPATH/index.php(67): CodeIgniter\CodeIgniter->run()
 9 SYSTEMPATH/Commands/Server/rewrite.php(47): require_once('FCPATH/index.php')
ERROR - 2023-03-26 01:50:49 --> mysqli_sql_exception: Table 'apteka.product' doesn't exist in /home/evgeny/Documents/apteka/back/vendor/codeigniter4/framework/system/Database/MySQLi/Connection.php:295
Stack trace:
#0 /home/evgeny/Documents/apteka/back/vendor/codeigniter4/framework/system/Database/MySQLi/Connection.php(295): mysqli->query()
#1 /home/evgeny/Documents/apteka/back/vendor/codeigniter4/framework/system/Database/BaseConnection.php(691): CodeIgniter\Database\MySQLi\Connection->execute()
#2 /home/evgeny/Documents/apteka/back/vendor/codeigniter4/framework/system/Database/BaseConnection.php(605): CodeIgniter\Database\BaseConnection->simpleQuery()
#3 /home/evgeny/Documents/apteka/back/vendor/codeigniter4/framework/system/Database/BaseBuilder.php(1616): CodeIgniter\Database\BaseConnection->query()
#4 /home/evgeny/Documents/apteka/back/vendor/codeigniter4/framework/system/Model.php(241): CodeIgniter\Database\BaseBuilder->get()
#5 /home/evgeny/Documents/apteka/back/vendor/codeigniter4/framework/system/BaseModel.php(618): CodeIgniter\Model->doFindAll()
#6 /home/evgeny/Documents/apteka/back/app/Controllers/Products.php(31): CodeIgniter\BaseModel->findAll()
#7 /home/evgeny/Documents/apteka/back/vendor/codeigniter4/framework/system/CodeIgniter.php(934): App\Controllers\Products->index()
#8 /home/evgeny/Documents/apteka/back/vendor/codeigniter4/framework/system/CodeIgniter.php(499): CodeIgniter\CodeIgniter->runController()
#9 /home/evgeny/Documents/apteka/back/vendor/codeigniter4/framework/system/CodeIgniter.php(368): CodeIgniter\CodeIgniter->handleRequest()
#10 /home/evgeny/Documents/apteka/back/public/index.php(67): CodeIgniter\CodeIgniter->run()
#11 /home/evgeny/Documents/apteka/back/vendor/codeigniter4/framework/system/Commands/Server/rewrite.php(47): require_once('/home/evgeny/Do...')
#12 {main}
CRITICAL - 2023-03-26 01:50:49 --> Table 'apteka.product' doesn't exist
in SYSTEMPATH/Database/BaseConnection.php on line 645.
 1 SYSTEMPATH/Database/BaseBuilder.php(1616): CodeIgniter\Database\BaseConnection->query()
 2 SYSTEMPATH/Model.php(241): CodeIgniter\Database\BaseBuilder->get()
 3 SYSTEMPATH/BaseModel.php(618): CodeIgniter\Model->doFindAll()
 4 APPPATH/Controllers/Products.php(31): CodeIgniter\BaseModel->findAll()
 5 SYSTEMPATH/CodeIgniter.php(934): App\Controllers\Products->index()
 6 SYSTEMPATH/CodeIgniter.php(499): CodeIgniter\CodeIgniter->runController()
 7 SYSTEMPATH/CodeIgniter.php(368): CodeIgniter\CodeIgniter->handleRequest()
 8 FCPATH/index.php(67): CodeIgniter\CodeIgniter->run()
 9 SYSTEMPATH/Commands/Server/rewrite.php(47): require_once('FCPATH/index.php')
ERROR - 2023-03-26 01:54:01 --> mysqli_sql_exception: Table 'apteka.product' doesn't exist in /home/evgeny/Documents/apteka/back/vendor/codeigniter4/framework/system/Database/MySQLi/Connection.php:295
Stack trace:
#0 /home/evgeny/Documents/apteka/back/vendor/codeigniter4/framework/system/Database/MySQLi/Connection.php(295): mysqli->query()
#1 /home/evgeny/Documents/apteka/back/vendor/codeigniter4/framework/system/Database/BaseConnection.php(691): CodeIgniter\Database\MySQLi\Connection->execute()
#2 /home/evgeny/Documents/apteka/back/vendor/codeigniter4/framework/system/Database/BaseConnection.php(605): CodeIgniter\Database\BaseConnection->simpleQuery()
#3 /home/evgeny/Documents/apteka/back/vendor/codeigniter4/framework/system/Database/BaseBuilder.php(1616): CodeIgniter\Database\BaseConnection->query()
#4 /home/evgeny/Documents/apteka/back/vendor/codeigniter4/framework/system/Model.php(241): CodeIgniter\Database\BaseBuilder->get()
#5 /home/evgeny/Documents/apteka/back/vendor/codeigniter4/framework/system/BaseModel.php(618): CodeIgniter\Model->doFindAll()
#6 /home/evgeny/Documents/apteka/back/app/Controllers/Products.php(31): CodeIgniter\BaseModel->findAll()
#7 /home/evgeny/Documents/apteka/back/vendor/codeigniter4/framework/system/CodeIgniter.php(934): App\Controllers\Products->index()
#8 /home/evgeny/Documents/apteka/back/vendor/codeigniter4/framework/system/CodeIgniter.php(499): CodeIgniter\CodeIgniter->runController()
#9 /home/evgeny/Documents/apteka/back/vendor/codeigniter4/framework/system/CodeIgniter.php(368): CodeIgniter\CodeIgniter->handleRequest()
#10 /home/evgeny/Documents/apteka/back/public/index.php(67): CodeIgniter\CodeIgniter->run()
#11 /home/evgeny/Documents/apteka/back/vendor/codeigniter4/framework/system/Commands/Server/rewrite.php(47): require_once('/home/evgeny/Do...')
#12 {main}
CRITICAL - 2023-03-26 01:54:01 --> Table 'apteka.product' doesn't exist
in SYSTEMPATH/Database/BaseConnection.php on line 645.
 1 SYSTEMPATH/Database/BaseBuilder.php(1616): CodeIgniter\Database\BaseConnection->query()
 2 SYSTEMPATH/Model.php(241): CodeIgniter\Database\BaseBuilder->get()
 3 SYSTEMPATH/BaseModel.php(618): CodeIgniter\Model->doFindAll()
 4 APPPATH/Controllers/Products.php(31): CodeIgniter\BaseModel->findAll()
 5 SYSTEMPATH/CodeIgniter.php(934): App\Controllers\Products->index()
 6 SYSTEMPATH/CodeIgniter.php(499): CodeIgniter\CodeIgniter->runController()
 7 SYSTEMPATH/CodeIgniter.php(368): CodeIgniter\CodeIgniter->handleRequest()
 8 FCPATH/index.php(67): CodeIgniter\CodeIgniter->run()
 9 SYSTEMPATH/Commands/Server/rewrite.php(47): require_once('FCPATH/index.php')
ERROR - 2023-03-26 01:54:52 --> mysqli_sql_exception: Table 'apteka.product' doesn't exist in /home/evgeny/Documents/apteka/back/vendor/codeigniter4/framework/system/Database/MySQLi/Connection.php:295
Stack trace:
#0 /home/evgeny/Documents/apteka/back/vendor/codeigniter4/framework/system/Database/MySQLi/Connection.php(295): mysqli->query()
#1 /home/evgeny/Documents/apteka/back/vendor/codeigniter4/framework/system/Database/BaseConnection.php(691): CodeIgniter\Database\MySQLi\Connection->execute()
#2 /home/evgeny/Documents/apteka/back/vendor/codeigniter4/framework/system/Database/BaseConnection.php(605): CodeIgniter\Database\BaseConnection->simpleQuery()
#3 /home/evgeny/Documents/apteka/back/vendor/codeigniter4/framework/system/Database/BaseBuilder.php(1616): CodeIgniter\Database\BaseConnection->query()
#4 /home/evgeny/Documents/apteka/back/vendor/codeigniter4/framework/system/Model.php(241): CodeIgniter\Database\BaseBuilder->get()
#5 /home/evgeny/Documents/apteka/back/vendor/codeigniter4/framework/system/BaseModel.php(618): CodeIgniter\Model->doFindAll()
#6 /home/evgeny/Documents/apteka/back/app/Controllers/Products.php(31): CodeIgniter\BaseModel->findAll()
#7 /home/evgeny/Documents/apteka/back/vendor/codeigniter4/framework/system/CodeIgniter.php(934): App\Controllers\Products->index()
#8 /home/evgeny/Documents/apteka/back/vendor/codeigniter4/framework/system/CodeIgniter.php(499): CodeIgniter\CodeIgniter->runController()
#9 /home/evgeny/Documents/apteka/back/vendor/codeigniter4/framework/system/CodeIgniter.php(368): CodeIgniter\CodeIgniter->handleRequest()
#10 /home/evgeny/Documents/apteka/back/public/index.php(67): CodeIgniter\CodeIgniter->run()
#11 /home/evgeny/Documents/apteka/back/vendor/codeigniter4/framework/system/Commands/Server/rewrite.php(47): require_once('/home/evgeny/Do...')
#12 {main}
CRITICAL - 2023-03-26 01:54:52 --> Table 'apteka.product' doesn't exist
in SYSTEMPATH/Database/BaseConnection.php on line 645.
 1 SYSTEMPATH/Database/BaseBuilder.php(1616): CodeIgniter\Database\BaseConnection->query()
 2 SYSTEMPATH/Model.php(241): CodeIgniter\Database\BaseBuilder->get()
 3 SYSTEMPATH/BaseModel.php(618): CodeIgniter\Model->doFindAll()
 4 APPPATH/Controllers/Products.php(31): CodeIgniter\BaseModel->findAll()
 5 SYSTEMPATH/CodeIgniter.php(934): App\Controllers\Products->index()
 6 SYSTEMPATH/CodeIgniter.php(499): CodeIgniter\CodeIgniter->runController()
 7 SYSTEMPATH/CodeIgniter.php(368): CodeIgniter\CodeIgniter->handleRequest()
 8 FCPATH/index.php(67): CodeIgniter\CodeIgniter->run()
 9 SYSTEMPATH/Commands/Server/rewrite.php(47): require_once('FCPATH/index.php')
ERROR - 2023-03-26 01:54:57 --> mysqli_sql_exception: Table 'apteka.product' doesn't exist in /home/evgeny/Documents/apteka/back/vendor/codeigniter4/framework/system/Database/MySQLi/Connection.php:295
Stack trace:
#0 /home/evgeny/Documents/apteka/back/vendor/codeigniter4/framework/system/Database/MySQLi/Connection.php(295): mysqli->query()
#1 /home/evgeny/Documents/apteka/back/vendor/codeigniter4/framework/system/Database/BaseConnection.php(691): CodeIgniter\Database\MySQLi\Connection->execute()
#2 /home/evgeny/Documents/apteka/back/vendor/codeigniter4/framework/system/Database/BaseConnection.php(605): CodeIgniter\Database\BaseConnection->simpleQuery()
#3 /home/evgeny/Documents/apteka/back/vendor/codeigniter4/framework/system/Database/BaseBuilder.php(1616): CodeIgniter\Database\BaseConnection->query()
#4 /home/evgeny/Documents/apteka/back/vendor/codeigniter4/framework/system/Model.php(241): CodeIgniter\Database\BaseBuilder->get()
#5 /home/evgeny/Documents/apteka/back/vendor/codeigniter4/framework/system/BaseModel.php(618): CodeIgniter\Model->doFindAll()
#6 /home/evgeny/Documents/apteka/back/app/Controllers/Products.php(31): CodeIgniter\BaseModel->findAll()
#7 /home/evgeny/Documents/apteka/back/vendor/codeigniter4/framework/system/CodeIgniter.php(934): App\Controllers\Products->index()
#8 /home/evgeny/Documents/apteka/back/vendor/codeigniter4/framework/system/CodeIgniter.php(499): CodeIgniter\CodeIgniter->runController()
#9 /home/evgeny/Documents/apteka/back/vendor/codeigniter4/framework/system/CodeIgniter.php(368): CodeIgniter\CodeIgniter->handleRequest()
#10 /home/evgeny/Documents/apteka/back/public/index.php(67): CodeIgniter\CodeIgniter->run()
#11 /home/evgeny/Documents/apteka/back/vendor/codeigniter4/framework/system/Commands/Server/rewrite.php(47): require_once('/home/evgeny/Do...')
#12 {main}
CRITICAL - 2023-03-26 01:54:57 --> Table 'apteka.product' doesn't exist
in SYSTEMPATH/Database/BaseConnection.php on line 645.
 1 SYSTEMPATH/Database/BaseBuilder.php(1616): CodeIgniter\Database\BaseConnection->query()
 2 SYSTEMPATH/Model.php(241): CodeIgniter\Database\BaseBuilder->get()
 3 SYSTEMPATH/BaseModel.php(618): CodeIgniter\Model->doFindAll()
 4 APPPATH/Controllers/Products.php(31): CodeIgniter\BaseModel->findAll()
 5 SYSTEMPATH/CodeIgniter.php(934): App\Controllers\Products->index()
 6 SYSTEMPATH/CodeIgniter.php(499): CodeIgniter\CodeIgniter->runController()
 7 SYSTEMPATH/CodeIgniter.php(368): CodeIgniter\CodeIgniter->handleRequest()
 8 FCPATH/index.php(67): CodeIgniter\CodeIgniter->run()
 9 SYSTEMPATH/Commands/Server/rewrite.php(47): require_once('FCPATH/index.php')
ERROR - 2023-03-26 01:55:05 --> mysqli_sql_exception: Table 'apteka.product' doesn't exist in /home/evgeny/Documents/apteka/back/vendor/codeigniter4/framework/system/Database/MySQLi/Connection.php:295
Stack trace:
#0 /home/evgeny/Documents/apteka/back/vendor/codeigniter4/framework/system/Database/MySQLi/Connection.php(295): mysqli->query()
#1 /home/evgeny/Documents/apteka/back/vendor/codeigniter4/framework/system/Database/BaseConnection.php(691): CodeIgniter\Database\MySQLi\Connection->execute()
#2 /home/evgeny/Documents/apteka/back/vendor/codeigniter4/framework/system/Database/BaseConnection.php(605): CodeIgniter\Database\BaseConnection->simpleQuery()
#3 /home/evgeny/Documents/apteka/back/vendor/codeigniter4/framework/system/Database/BaseBuilder.php(1616): CodeIgniter\Database\BaseConnection->query()
#4 /home/evgeny/Documents/apteka/back/vendor/codeigniter4/framework/system/Model.php(241): CodeIgniter\Database\BaseBuilder->get()
#5 /home/evgeny/Documents/apteka/back/vendor/codeigniter4/framework/system/BaseModel.php(618): CodeIgniter\Model->doFindAll()
#6 /home/evgeny/Documents/apteka/back/app/Controllers/Products.php(31): CodeIgniter\BaseModel->findAll()
#7 /home/evgeny/Documents/apteka/back/vendor/codeigniter4/framework/system/CodeIgniter.php(934): App\Controllers\Products->index()
#8 /home/evgeny/Documents/apteka/back/vendor/codeigniter4/framework/system/CodeIgniter.php(499): CodeIgniter\CodeIgniter->runController()
#9 /home/evgeny/Documents/apteka/back/vendor/codeigniter4/framework/system/CodeIgniter.php(368): CodeIgniter\CodeIgniter->handleRequest()
#10 /home/evgeny/Documents/apteka/back/public/index.php(67): CodeIgniter\CodeIgniter->run()
#11 /home/evgeny/Documents/apteka/back/vendor/codeigniter4/framework/system/Commands/Server/rewrite.php(47): require_once('/home/evgeny/Do...')
#12 {main}
CRITICAL - 2023-03-26 01:55:05 --> Table 'apteka.product' doesn't exist
in SYSTEMPATH/Database/BaseConnection.php on line 645.
 1 SYSTEMPATH/Database/BaseBuilder.php(1616): CodeIgniter\Database\BaseConnection->query()
 2 SYSTEMPATH/Model.php(241): CodeIgniter\Database\BaseBuilder->get()
 3 SYSTEMPATH/BaseModel.php(618): CodeIgniter\Model->doFindAll()
 4 APPPATH/Controllers/Products.php(31): CodeIgniter\BaseModel->findAll()
 5 SYSTEMPATH/CodeIgniter.php(934): App\Controllers\Products->index()
 6 SYSTEMPATH/CodeIgniter.php(499): CodeIgniter\CodeIgniter->runController()
 7 SYSTEMPATH/CodeIgniter.php(368): CodeIgniter\CodeIgniter->handleRequest()
 8 FCPATH/index.php(67): CodeIgniter\CodeIgniter->run()
 9 SYSTEMPATH/Commands/Server/rewrite.php(47): require_once('FCPATH/index.php')
ERROR - 2023-03-26 01:58:00 --> mysqli_sql_exception: Table 'apteka.product' doesn't exist in /home/evgeny/Documents/apteka/back/vendor/codeigniter4/framework/system/Database/MySQLi/Connection.php:295
Stack trace:
#0 /home/evgeny/Documents/apteka/back/vendor/codeigniter4/framework/system/Database/MySQLi/Connection.php(295): mysqli->query()
#1 /home/evgeny/Documents/apteka/back/vendor/codeigniter4/framework/system/Database/BaseConnection.php(691): CodeIgniter\Database\MySQLi\Connection->execute()
#2 /home/evgeny/Documents/apteka/back/vendor/codeigniter4/framework/system/Database/BaseConnection.php(605): CodeIgniter\Database\BaseConnection->simpleQuery()
#3 /home/evgeny/Documents/apteka/back/vendor/codeigniter4/framework/system/Database/BaseBuilder.php(1616): CodeIgniter\Database\BaseConnection->query()
#4 /home/evgeny/Documents/apteka/back/vendor/codeigniter4/framework/system/Model.php(241): CodeIgniter\Database\BaseBuilder->get()
#5 /home/evgeny/Documents/apteka/back/vendor/codeigniter4/framework/system/BaseModel.php(618): CodeIgniter\Model->doFindAll()
#6 /home/evgeny/Documents/apteka/back/app/Controllers/Products.php(31): CodeIgniter\BaseModel->findAll()
#7 /home/evgeny/Documents/apteka/back/vendor/codeigniter4/framework/system/CodeIgniter.php(934): App\Controllers\Products->index()
#8 /home/evgeny/Documents/apteka/back/vendor/codeigniter4/framework/system/CodeIgniter.php(499): CodeIgniter\CodeIgniter->runController()
#9 /home/evgeny/Documents/apteka/back/vendor/codeigniter4/framework/system/CodeIgniter.php(368): CodeIgniter\CodeIgniter->handleRequest()
#10 /home/evgeny/Documents/apteka/back/public/index.php(67): CodeIgniter\CodeIgniter->run()
#11 /home/evgeny/Documents/apteka/back/vendor/codeigniter4/framework/system/Commands/Server/rewrite.php(47): require_once('/home/evgeny/Do...')
#12 {main}
CRITICAL - 2023-03-26 01:58:00 --> Table 'apteka.product' doesn't exist
in SYSTEMPATH/Database/BaseConnection.php on line 645.
 1 SYSTEMPATH/Database/BaseBuilder.php(1616): CodeIgniter\Database\BaseConnection->query()
 2 SYSTEMPATH/Model.php(241): CodeIgniter\Database\BaseBuilder->get()
 3 SYSTEMPATH/BaseModel.php(618): CodeIgniter\Model->doFindAll()
 4 APPPATH/Controllers/Products.php(31): CodeIgniter\BaseModel->findAll()
 5 SYSTEMPATH/CodeIgniter.php(934): App\Controllers\Products->index()
 6 SYSTEMPATH/CodeIgniter.php(499): CodeIgniter\CodeIgniter->runController()
 7 SYSTEMPATH/CodeIgniter.php(368): CodeIgniter\CodeIgniter->handleRequest()
 8 FCPATH/index.php(67): CodeIgniter\CodeIgniter->run()
 9 SYSTEMPATH/Commands/Server/rewrite.php(47): require_once('FCPATH/index.php')
ERROR - 2023-03-26 02:04:35 --> mysqli_sql_exception: Table 'apteka.product' doesn't exist in /home/evgeny/Documents/apteka/back/vendor/codeigniter4/framework/system/Database/MySQLi/Connection.php:295
Stack trace:
#0 /home/evgeny/Documents/apteka/back/vendor/codeigniter4/framework/system/Database/MySQLi/Connection.php(295): mysqli->query()
#1 /home/evgeny/Documents/apteka/back/vendor/codeigniter4/framework/system/Database/BaseConnection.php(691): CodeIgniter\Database\MySQLi\Connection->execute()
#2 /home/evgeny/Documents/apteka/back/vendor/codeigniter4/framework/system/Database/BaseConnection.php(605): CodeIgniter\Database\BaseConnection->simpleQuery()
#3 /home/evgeny/Documents/apteka/back/vendor/codeigniter4/framework/system/Database/BaseBuilder.php(1616): CodeIgniter\Database\BaseConnection->query()
#4 /home/evgeny/Documents/apteka/back/vendor/codeigniter4/framework/system/Model.php(241): CodeIgniter\Database\BaseBuilder->get()
#5 /home/evgeny/Documents/apteka/back/vendor/codeigniter4/framework/system/BaseModel.php(618): CodeIgniter\Model->doFindAll()
#6 /home/evgeny/Documents/apteka/back/app/Controllers/Products.php(31): CodeIgniter\BaseModel->findAll()
#7 /home/evgeny/Documents/apteka/back/vendor/codeigniter4/framework/system/CodeIgniter.php(934): App\Controllers\Products->index()
#8 /home/evgeny/Documents/apteka/back/vendor/codeigniter4/framework/system/CodeIgniter.php(499): CodeIgniter\CodeIgniter->runController()
#9 /home/evgeny/Documents/apteka/back/vendor/codeigniter4/framework/system/CodeIgniter.php(368): CodeIgniter\CodeIgniter->handleRequest()
#10 /home/evgeny/Documents/apteka/back/public/index.php(67): CodeIgniter\CodeIgniter->run()
#11 /home/evgeny/Documents/apteka/back/vendor/codeigniter4/framework/system/Commands/Server/rewrite.php(47): require_once('/home/evgeny/Do...')
#12 {main}
CRITICAL - 2023-03-26 02:04:35 --> Table 'apteka.product' doesn't exist
in SYSTEMPATH/Database/BaseConnection.php on line 645.
 1 SYSTEMPATH/Database/BaseBuilder.php(1616): CodeIgniter\Database\BaseConnection->query()
 2 SYSTEMPATH/Model.php(241): CodeIgniter\Database\BaseBuilder->get()
 3 SYSTEMPATH/BaseModel.php(618): CodeIgniter\Model->doFindAll()
 4 APPPATH/Controllers/Products.php(31): CodeIgniter\BaseModel->findAll()
 5 SYSTEMPATH/CodeIgniter.php(934): App\Controllers\Products->index()
 6 SYSTEMPATH/CodeIgniter.php(499): CodeIgniter\CodeIgniter->runController()
 7 SYSTEMPATH/CodeIgniter.php(368): CodeIgniter\CodeIgniter->handleRequest()
 8 FCPATH/index.php(67): CodeIgniter\CodeIgniter->run()
 9 SYSTEMPATH/Commands/Server/rewrite.php(47): require_once('FCPATH/index.php')
ERROR - 2023-03-26 02:04:55 --> mysqli_sql_exception: Table 'apteka.product' doesn't exist in /home/evgeny/Documents/apteka/back/vendor/codeigniter4/framework/system/Database/MySQLi/Connection.php:295
Stack trace:
#0 /home/evgeny/Documents/apteka/back/vendor/codeigniter4/framework/system/Database/MySQLi/Connection.php(295): mysqli->query()
#1 /home/evgeny/Documents/apteka/back/vendor/codeigniter4/framework/system/Database/BaseConnection.php(691): CodeIgniter\Database\MySQLi\Connection->execute()
#2 /home/evgeny/Documents/apteka/back/vendor/codeigniter4/framework/system/Database/BaseConnection.php(605): CodeIgniter\Database\BaseConnection->simpleQuery()
#3 /home/evgeny/Documents/apteka/back/vendor/codeigniter4/framework/system/Database/BaseBuilder.php(1616): CodeIgniter\Database\BaseConnection->query()
#4 /home/evgeny/Documents/apteka/back/vendor/codeigniter4/framework/system/Model.php(241): CodeIgniter\Database\BaseBuilder->get()
#5 /home/evgeny/Documents/apteka/back/vendor/codeigniter4/framework/system/BaseModel.php(618): CodeIgniter\Model->doFindAll()
#6 /home/evgeny/Documents/apteka/back/app/Controllers/Products.php(31): CodeIgniter\BaseModel->findAll()
#7 /home/evgeny/Documents/apteka/back/vendor/codeigniter4/framework/system/CodeIgniter.php(934): App\Controllers\Products->index()
#8 /home/evgeny/Documents/apteka/back/vendor/codeigniter4/framework/system/CodeIgniter.php(499): CodeIgniter\CodeIgniter->runController()
#9 /home/evgeny/Documents/apteka/back/vendor/codeigniter4/framework/system/CodeIgniter.php(368): CodeIgniter\CodeIgniter->handleRequest()
#10 /home/evgeny/Documents/apteka/back/public/index.php(67): CodeIgniter\CodeIgniter->run()
#11 /home/evgeny/Documents/apteka/back/vendor/codeigniter4/framework/system/Commands/Server/rewrite.php(47): require_once('/home/evgeny/Do...')
#12 {main}
CRITICAL - 2023-03-26 02:04:55 --> Table 'apteka.product' doesn't exist
in SYSTEMPATH/Database/BaseConnection.php on line 645.
 1 SYSTEMPATH/Database/BaseBuilder.php(1616): CodeIgniter\Database\BaseConnection->query()
 2 SYSTEMPATH/Model.php(241): CodeIgniter\Database\BaseBuilder->get()
 3 SYSTEMPATH/BaseModel.php(618): CodeIgniter\Model->doFindAll()
 4 APPPATH/Controllers/Products.php(31): CodeIgniter\BaseModel->findAll()
 5 SYSTEMPATH/CodeIgniter.php(934): App\Controllers\Products->index()
 6 SYSTEMPATH/CodeIgniter.php(499): CodeIgniter\CodeIgniter->runController()
 7 SYSTEMPATH/CodeIgniter.php(368): CodeIgniter\CodeIgniter->handleRequest()
 8 FCPATH/index.php(67): CodeIgniter\CodeIgniter->run()
 9 SYSTEMPATH/Commands/Server/rewrite.php(47): require_once('FCPATH/index.php')
ERROR - 2023-03-26 02:05:29 --> mysqli_sql_exception: Table 'apteka.product' doesn't exist in /home/evgeny/Documents/apteka/back/vendor/codeigniter4/framework/system/Database/MySQLi/Connection.php:295
Stack trace:
#0 /home/evgeny/Documents/apteka/back/vendor/codeigniter4/framework/system/Database/MySQLi/Connection.php(295): mysqli->query()
#1 /home/evgeny/Documents/apteka/back/vendor/codeigniter4/framework/system/Database/BaseConnection.php(691): CodeIgniter\Database\MySQLi\Connection->execute()
#2 /home/evgeny/Documents/apteka/back/vendor/codeigniter4/framework/system/Database/BaseConnection.php(605): CodeIgniter\Database\BaseConnection->simpleQuery()
#3 /home/evgeny/Documents/apteka/back/vendor/codeigniter4/framework/system/Database/BaseBuilder.php(1616): CodeIgniter\Database\BaseConnection->query()
#4 /home/evgeny/Documents/apteka/back/vendor/codeigniter4/framework/system/Model.php(241): CodeIgniter\Database\BaseBuilder->get()
#5 /home/evgeny/Documents/apteka/back/vendor/codeigniter4/framework/system/BaseModel.php(618): CodeIgniter\Model->doFindAll()
#6 /home/evgeny/Documents/apteka/back/app/Controllers/Products.php(31): CodeIgniter\BaseModel->findAll()
#7 /home/evgeny/Documents/apteka/back/vendor/codeigniter4/framework/system/CodeIgniter.php(934): App\Controllers\Products->index()
#8 /home/evgeny/Documents/apteka/back/vendor/codeigniter4/framework/system/CodeIgniter.php(499): CodeIgniter\CodeIgniter->runController()
#9 /home/evgeny/Documents/apteka/back/vendor/codeigniter4/framework/system/CodeIgniter.php(368): CodeIgniter\CodeIgniter->handleRequest()
#10 /home/evgeny/Documents/apteka/back/public/index.php(67): CodeIgniter\CodeIgniter->run()
#11 /home/evgeny/Documents/apteka/back/vendor/codeigniter4/framework/system/Commands/Server/rewrite.php(47): require_once('/home/evgeny/Do...')
#12 {main}
CRITICAL - 2023-03-26 02:05:29 --> Table 'apteka.product' doesn't exist
in SYSTEMPATH/Database/BaseConnection.php on line 645.
 1 SYSTEMPATH/Database/BaseBuilder.php(1616): CodeIgniter\Database\BaseConnection->query()
 2 SYSTEMPATH/Model.php(241): CodeIgniter\Database\BaseBuilder->get()
 3 SYSTEMPATH/BaseModel.php(618): CodeIgniter\Model->doFindAll()
 4 APPPATH/Controllers/Products.php(31): CodeIgniter\BaseModel->findAll()
 5 SYSTEMPATH/CodeIgniter.php(934): App\Controllers\Products->index()
 6 SYSTEMPATH/CodeIgniter.php(499): CodeIgniter\CodeIgniter->runController()
 7 SYSTEMPATH/CodeIgniter.php(368): CodeIgniter\CodeIgniter->handleRequest()
 8 FCPATH/index.php(67): CodeIgniter\CodeIgniter->run()
 9 SYSTEMPATH/Commands/Server/rewrite.php(47): require_once('FCPATH/index.php')
ERROR - 2023-03-26 09:29:13 --> mysqli_sql_exception: Unknown column 'surname' in 'field list' in /home/evgeny/Documents/apteka/back/vendor/codeigniter4/framework/system/Database/MySQLi/Connection.php:295
Stack trace:
#0 /home/evgeny/Documents/apteka/back/vendor/codeigniter4/framework/system/Database/MySQLi/Connection.php(295): mysqli->query()
#1 /home/evgeny/Documents/apteka/back/vendor/codeigniter4/framework/system/Database/BaseConnection.php(691): CodeIgniter\Database\MySQLi\Connection->execute()
#2 /home/evgeny/Documents/apteka/back/vendor/codeigniter4/framework/system/Database/BaseConnection.php(605): CodeIgniter\Database\BaseConnection->simpleQuery()
#3 /home/evgeny/Documents/apteka/back/vendor/codeigniter4/framework/system/Database/BaseBuilder.php(2309): CodeIgniter\Database\BaseConnection->query()
#4 /home/evgeny/Documents/apteka/back/vendor/codeigniter4/framework/system/Model.php(330): CodeIgniter\Database\BaseBuilder->insert()
#5 /home/evgeny/Documents/apteka/back/vendor/codeigniter4/framework/system/BaseModel.php(782): CodeIgniter\Model->doInsert()
#6 /home/evgeny/Documents/apteka/back/vendor/codeigniter4/framework/system/Model.php(730): CodeIgniter\BaseModel->insert()
#7 /home/evgeny/Documents/apteka/back/vendor/codeigniter4/framework/system/BaseModel.php(692): CodeIgniter\Model->insert()
#8 /home/evgeny/Documents/apteka/back/app/Controllers/Auth.php(39): CodeIgniter\BaseModel->save()
#9 /home/evgeny/Documents/apteka/back/vendor/codeigniter4/framework/system/CodeIgniter.php(934): App\Controllers\Auth->registration()
#10 /home/evgeny/Documents/apteka/back/vendor/codeigniter4/framework/system/CodeIgniter.php(499): CodeIgniter\CodeIgniter->runController()
#11 /home/evgeny/Documents/apteka/back/vendor/codeigniter4/framework/system/CodeIgniter.php(368): CodeIgniter\CodeIgniter->handleRequest()
#12 /home/evgeny/Documents/apteka/back/public/index.php(67): CodeIgniter\CodeIgniter->run()
#13 /home/evgeny/Documents/apteka/back/vendor/codeigniter4/framework/system/Commands/Server/rewrite.php(47): require_once('/home/evgeny/Do...')
#14 {main}
CRITICAL - 2023-03-26 09:29:13 --> Unknown column 'surname' in 'field list'
in SYSTEMPATH/Database/BaseConnection.php on line 645.
 1 SYSTEMPATH/Database/BaseBuilder.php(2309): CodeIgniter\Database\BaseConnection->query()
 2 SYSTEMPATH/Model.php(330): CodeIgniter\Database\BaseBuilder->insert()
 3 SYSTEMPATH/BaseModel.php(782): CodeIgniter\Model->doInsert()
 4 SYSTEMPATH/Model.php(730): CodeIgniter\BaseModel->insert()
 5 SYSTEMPATH/BaseModel.php(692): CodeIgniter\Model->insert()
 6 APPPATH/Controllers/Auth.php(39): CodeIgniter\BaseModel->save()
 7 SYSTEMPATH/CodeIgniter.php(934): App\Controllers\Auth->registration()
 8 SYSTEMPATH/CodeIgniter.php(499): CodeIgniter\CodeIgniter->runController()
 9 SYSTEMPATH/CodeIgniter.php(368): CodeIgniter\CodeIgniter->handleRequest()
10 FCPATH/index.php(67): CodeIgniter\CodeIgniter->run()
11 SYSTEMPATH/Commands/Server/rewrite.php(47): require_once('FCPATH/index.php')
ERROR - 2023-03-26 09:30:12 --> mysqli_sql_exception: Unknown column 'surname' in 'field list' in /home/evgeny/Documents/apteka/back/vendor/codeigniter4/framework/system/Database/MySQLi/Connection.php:295
Stack trace:
#0 /home/evgeny/Documents/apteka/back/vendor/codeigniter4/framework/system/Database/MySQLi/Connection.php(295): mysqli->query()
#1 /home/evgeny/Documents/apteka/back/vendor/codeigniter4/framework/system/Database/BaseConnection.php(691): CodeIgniter\Database\MySQLi\Connection->execute()
#2 /home/evgeny/Documents/apteka/back/vendor/codeigniter4/framework/system/Database/BaseConnection.php(605): CodeIgniter\Database\BaseConnection->simpleQuery()
#3 /home/evgeny/Documents/apteka/back/vendor/codeigniter4/framework/system/Database/BaseBuilder.php(2309): CodeIgniter\Database\BaseConnection->query()
#4 /home/evgeny/Documents/apteka/back/vendor/codeigniter4/framework/system/Model.php(330): CodeIgniter\Database\BaseBuilder->insert()
#5 /home/evgeny/Documents/apteka/back/vendor/codeigniter4/framework/system/BaseModel.php(782): CodeIgniter\Model->doInsert()
#6 /home/evgeny/Documents/apteka/back/vendor/codeigniter4/framework/system/Model.php(730): CodeIgniter\BaseModel->insert()
#7 /home/evgeny/Documents/apteka/back/vendor/codeigniter4/framework/system/BaseModel.php(692): CodeIgniter\Model->insert()
#8 /home/evgeny/Documents/apteka/back/app/Controllers/Auth.php(40): CodeIgniter\BaseModel->save()
#9 /home/evgeny/Documents/apteka/back/vendor/codeigniter4/framework/system/CodeIgniter.php(934): App\Controllers\Auth->registration()
#10 /home/evgeny/Documents/apteka/back/vendor/codeigniter4/framework/system/CodeIgniter.php(499): CodeIgniter\CodeIgniter->runController()
#11 /home/evgeny/Documents/apteka/back/vendor/codeigniter4/framework/system/CodeIgniter.php(368): CodeIgniter\CodeIgniter->handleRequest()
#12 /home/evgeny/Documents/apteka/back/public/index.php(67): CodeIgniter\CodeIgniter->run()
#13 /home/evgeny/Documents/apteka/back/vendor/codeigniter4/framework/system/Commands/Server/rewrite.php(47): require_once('/home/evgeny/Do...')
#14 {main}
CRITICAL - 2023-03-26 09:30:12 --> Unknown column 'surname' in 'field list'
in SYSTEMPATH/Database/BaseConnection.php on line 645.
 1 SYSTEMPATH/Database/BaseBuilder.php(2309): CodeIgniter\Database\BaseConnection->query()
 2 SYSTEMPATH/Model.php(330): CodeIgniter\Database\BaseBuilder->insert()
 3 SYSTEMPATH/BaseModel.php(782): CodeIgniter\Model->doInsert()
 4 SYSTEMPATH/Model.php(730): CodeIgniter\BaseModel->insert()
 5 SYSTEMPATH/BaseModel.php(692): CodeIgniter\Model->insert()
 6 APPPATH/Controllers/Auth.php(40): CodeIgniter\BaseModel->save()
 7 SYSTEMPATH/CodeIgniter.php(934): App\Controllers\Auth->registration()
 8 SYSTEMPATH/CodeIgniter.php(499): CodeIgniter\CodeIgniter->runController()
 9 SYSTEMPATH/CodeIgniter.php(368): CodeIgniter\CodeIgniter->handleRequest()
10 FCPATH/index.php(67): CodeIgniter\CodeIgniter->run()
11 SYSTEMPATH/Commands/Server/rewrite.php(47): require_once('FCPATH/index.php')
ERROR - 2023-03-26 09:32:37 --> mysqli_sql_exception: Unknown column 'surname' in 'field list' in /home/evgeny/Documents/apteka/back/vendor/codeigniter4/framework/system/Database/MySQLi/Connection.php:295
Stack trace:
#0 /home/evgeny/Documents/apteka/back/vendor/codeigniter4/framework/system/Database/MySQLi/Connection.php(295): mysqli->query()
#1 /home/evgeny/Documents/apteka/back/vendor/codeigniter4/framework/system/Database/BaseConnection.php(691): CodeIgniter\Database\MySQLi\Connection->execute()
#2 /home/evgeny/Documents/apteka/back/vendor/codeigniter4/framework/system/Database/BaseConnection.php(605): CodeIgniter\Database\BaseConnection->simpleQuery()
#3 /home/evgeny/Documents/apteka/back/vendor/codeigniter4/framework/system/Database/BaseBuilder.php(2309): CodeIgniter\Database\BaseConnection->query()
#4 /home/evgeny/Documents/apteka/back/vendor/codeigniter4/framework/system/Model.php(330): CodeIgniter\Database\BaseBuilder->insert()
#5 /home/evgeny/Documents/apteka/back/vendor/codeigniter4/framework/system/BaseModel.php(782): CodeIgniter\Model->doInsert()
#6 /home/evgeny/Documents/apteka/back/vendor/codeigniter4/framework/system/Model.php(730): CodeIgniter\BaseModel->insert()
#7 /home/evgeny/Documents/apteka/back/vendor/codeigniter4/framework/system/BaseModel.php(692): CodeIgniter\Model->insert()
#8 /home/evgeny/Documents/apteka/back/app/Controllers/Auth.php(40): CodeIgniter\BaseModel->save()
#9 /home/evgeny/Documents/apteka/back/vendor/codeigniter4/framework/system/CodeIgniter.php(934): App\Controllers\Auth->registration()
#10 /home/evgeny/Documents/apteka/back/vendor/codeigniter4/framework/system/CodeIgniter.php(499): CodeIgniter\CodeIgniter->runController()
#11 /home/evgeny/Documents/apteka/back/vendor/codeigniter4/framework/system/CodeIgniter.php(368): CodeIgniter\CodeIgniter->handleRequest()
#12 /home/evgeny/Documents/apteka/back/public/index.php(67): CodeIgniter\CodeIgniter->run()
#13 /home/evgeny/Documents/apteka/back/vendor/codeigniter4/framework/system/Commands/Server/rewrite.php(47): require_once('/home/evgeny/Do...')
#14 {main}
CRITICAL - 2023-03-26 09:32:37 --> Unknown column 'surname' in 'field list'
in SYSTEMPATH/Database/BaseConnection.php on line 645.
 1 SYSTEMPATH/Database/BaseBuilder.php(2309): CodeIgniter\Database\BaseConnection->query()
 2 SYSTEMPATH/Model.php(330): CodeIgniter\Database\BaseBuilder->insert()
 3 SYSTEMPATH/BaseModel.php(782): CodeIgniter\Model->doInsert()
 4 SYSTEMPATH/Model.php(730): CodeIgniter\BaseModel->insert()
 5 SYSTEMPATH/BaseModel.php(692): CodeIgniter\Model->insert()
 6 APPPATH/Controllers/Auth.php(40): CodeIgniter\BaseModel->save()
 7 SYSTEMPATH/CodeIgniter.php(934): App\Controllers\Auth->registration()
 8 SYSTEMPATH/CodeIgniter.php(499): CodeIgniter\CodeIgniter->runController()
 9 SYSTEMPATH/CodeIgniter.php(368): CodeIgniter\CodeIgniter->handleRequest()
10 FCPATH/index.php(67): CodeIgniter\CodeIgniter->run()
11 SYSTEMPATH/Commands/Server/rewrite.php(47): require_once('FCPATH/index.php')
CRITICAL - 2023-03-26 10:10:41 --> key must be a string when using hmac
in VENDORPATH/firebase/php-jwt/src/JWT.php on line 233.
 1 VENDORPATH/firebase/php-jwt/src/JWT.php(203): Firebase\JWT\JWT::sign()
 2 APPPATH/Controllers/Auth.php(96): Firebase\JWT\JWT::encode()
 3 SYSTEMPATH/CodeIgniter.php(934): App\Controllers\Auth->login()
 4 SYSTEMPATH/CodeIgniter.php(499): CodeIgniter\CodeIgniter->runController()
 5 SYSTEMPATH/CodeIgniter.php(368): CodeIgniter\CodeIgniter->handleRequest()
 6 FCPATH/index.php(67): CodeIgniter\CodeIgniter->run()
 7 SYSTEMPATH/Commands/Server/rewrite.php(47): require_once('FCPATH/index.php')
CRITICAL - 2023-03-26 10:11:26 --> key must be a string when using hmac
in VENDORPATH/firebase/php-jwt/src/JWT.php on line 233.
 1 VENDORPATH/firebase/php-jwt/src/JWT.php(203): Firebase\JWT\JWT::sign()
 2 APPPATH/Controllers/Auth.php(97): Firebase\JWT\JWT::encode()
 3 SYSTEMPATH/CodeIgniter.php(934): App\Controllers\Auth->login()
 4 SYSTEMPATH/CodeIgniter.php(499): CodeIgniter\CodeIgniter->runController()
 5 SYSTEMPATH/CodeIgniter.php(368): CodeIgniter\CodeIgniter->handleRequest()
 6 FCPATH/index.php(67): CodeIgniter\CodeIgniter->run()
 7 SYSTEMPATH/Commands/Server/rewrite.php(47): require_once('FCPATH/index.php')
CRITICAL - 2023-03-26 10:12:46 --> key must be a string when using hmac
in VENDORPATH/firebase/php-jwt/src/JWT.php on line 233.
 1 VENDORPATH/firebase/php-jwt/src/JWT.php(203): Firebase\JWT\JWT::sign()
 2 APPPATH/Controllers/Auth.php(100): Firebase\JWT\JWT::encode()
 3 SYSTEMPATH/CodeIgniter.php(934): App\Controllers\Auth->login()
 4 SYSTEMPATH/CodeIgniter.php(499): CodeIgniter\CodeIgniter->runController()
 5 SYSTEMPATH/CodeIgniter.php(368): CodeIgniter\CodeIgniter->handleRequest()
 6 FCPATH/index.php(67): CodeIgniter\CodeIgniter->run()
 7 SYSTEMPATH/Commands/Server/rewrite.php(47): require_once('FCPATH/index.php')
CRITICAL - 2023-03-26 10:12:50 --> key must be a string when using hmac
in VENDORPATH/firebase/php-jwt/src/JWT.php on line 233.
 1 VENDORPATH/firebase/php-jwt/src/JWT.php(203): Firebase\JWT\JWT::sign()
 2 APPPATH/Controllers/Auth.php(100): Firebase\JWT\JWT::encode()
 3 SYSTEMPATH/CodeIgniter.php(934): App\Controllers\Auth->login()
 4 SYSTEMPATH/CodeIgniter.php(499): CodeIgniter\CodeIgniter->runController()
 5 SYSTEMPATH/CodeIgniter.php(368): CodeIgniter\CodeIgniter->handleRequest()
 6 FCPATH/index.php(67): CodeIgniter\CodeIgniter->run()
 7 SYSTEMPATH/Commands/Server/rewrite.php(47): require_once('FCPATH/index.php')
CRITICAL - 2023-03-26 10:13:06 --> key must be a string when using hmac
in VENDORPATH/firebase/php-jwt/src/JWT.php on line 233.
 1 VENDORPATH/firebase/php-jwt/src/JWT.php(203): Firebase\JWT\JWT::sign()
 2 APPPATH/Controllers/Auth.php(96): Firebase\JWT\JWT::encode()
 3 SYSTEMPATH/CodeIgniter.php(934): App\Controllers\Auth->login()
 4 SYSTEMPATH/CodeIgniter.php(499): CodeIgniter\CodeIgniter->runController()
 5 SYSTEMPATH/CodeIgniter.php(368): CodeIgniter\CodeIgniter->handleRequest()
 6 FCPATH/index.php(67): CodeIgniter\CodeIgniter->run()
 7 SYSTEMPATH/Commands/Server/rewrite.php(47): require_once('FCPATH/index.php')
CRITICAL - 2023-03-26 10:15:49 --> key must be a string when using hmac
in VENDORPATH/firebase/php-jwt/src/JWT.php on line 233.
 1 VENDORPATH/firebase/php-jwt/src/JWT.php(203): Firebase\JWT\JWT::sign()
 2 APPPATH/Controllers/Auth.php(99): Firebase\JWT\JWT::encode()
 3 SYSTEMPATH/CodeIgniter.php(934): App\Controllers\Auth->login()
 4 SYSTEMPATH/CodeIgniter.php(499): CodeIgniter\CodeIgniter->runController()
 5 SYSTEMPATH/CodeIgniter.php(368): CodeIgniter\CodeIgniter->handleRequest()
 6 FCPATH/index.php(67): CodeIgniter\CodeIgniter->run()
 7 SYSTEMPATH/Commands/Server/rewrite.php(47): require_once('FCPATH/index.php')
CRITICAL - 2023-03-26 10:16:51 --> key must be a string when using hmac
in VENDORPATH/firebase/php-jwt/src/JWT.php on line 233.
 1 VENDORPATH/firebase/php-jwt/src/JWT.php(203): Firebase\JWT\JWT::sign()
 2 APPPATH/Controllers/Auth.php(94): Firebase\JWT\JWT::encode()
 3 SYSTEMPATH/CodeIgniter.php(934): App\Controllers\Auth->login()
 4 SYSTEMPATH/CodeIgniter.php(499): CodeIgniter\CodeIgniter->runController()
 5 SYSTEMPATH/CodeIgniter.php(368): CodeIgniter\CodeIgniter->handleRequest()
 6 FCPATH/index.php(67): CodeIgniter\CodeIgniter->run()
 7 SYSTEMPATH/Commands/Server/rewrite.php(47): require_once('FCPATH/index.php')
CRITICAL - 2023-03-26 19:38:51 --> Argument 2 passed to App\Controllers\Categories::respond() must be of the type int or null, string given, called in /home/evgeny/Documents/apteka/back/app/Controllers/Categories.php on line 96
in SYSTEMPATH/API/ResponseTrait.php on line 90.
 1 APPPATH/Controllers/Categories.php(96): App\Controllers\Categories->respond()
 2 SYSTEMPATH/CodeIgniter.php(934): App\Controllers\Categories->delete()
 3 SYSTEMPATH/CodeIgniter.php(499): CodeIgniter\CodeIgniter->runController()
 4 SYSTEMPATH/CodeIgniter.php(368): CodeIgniter\CodeIgniter->handleRequest()
 5 FCPATH/index.php(67): CodeIgniter\CodeIgniter->run()
 6 SYSTEMPATH/Commands/Server/rewrite.php(47): require_once('FCPATH/index.php')
CRITICAL - 2023-03-26 19:39:19 --> Argument 2 passed to App\Controllers\Categories::respond() must be of the type int or null, string given, called in /home/evgeny/Documents/apteka/back/app/Controllers/Categories.php on line 96
in SYSTEMPATH/API/ResponseTrait.php on line 90.
 1 APPPATH/Controllers/Categories.php(96): App\Controllers\Categories->respond()
 2 SYSTEMPATH/CodeIgniter.php(934): App\Controllers\Categories->delete()
 3 SYSTEMPATH/CodeIgniter.php(499): CodeIgniter\CodeIgniter->runController()
 4 SYSTEMPATH/CodeIgniter.php(368): CodeIgniter\CodeIgniter->handleRequest()
 5 FCPATH/index.php(67): CodeIgniter\CodeIgniter->run()
 6 SYSTEMPATH/Commands/Server/rewrite.php(47): require_once('FCPATH/index.php')
CRITICAL - 2023-03-26 19:40:06 --> Argument 2 passed to App\Controllers\Categories::respond() must be of the type int or null, string given, called in /home/evgeny/Documents/apteka/back/app/Controllers/Categories.php on line 96
in SYSTEMPATH/API/ResponseTrait.php on line 90.
 1 APPPATH/Controllers/Categories.php(96): App\Controllers\Categories->respond()
 2 SYSTEMPATH/CodeIgniter.php(934): App\Controllers\Categories->delete()
 3 SYSTEMPATH/CodeIgniter.php(499): CodeIgniter\CodeIgniter->runController()
 4 SYSTEMPATH/CodeIgniter.php(368): CodeIgniter\CodeIgniter->handleRequest()
 5 FCPATH/index.php(67): CodeIgniter\CodeIgniter->run()
 6 SYSTEMPATH/Commands/Server/rewrite.php(47): require_once('FCPATH/index.php')
CRITICAL - 2023-03-26 19:42:58 --> Argument 2 passed to App\Controllers\Categories::respond() must be of the type int or null, string given, called in /home/evgeny/Documents/apteka/back/app/Controllers/Categories.php on line 96
in SYSTEMPATH/API/ResponseTrait.php on line 90.
 1 APPPATH/Controllers/Categories.php(96): App\Controllers\Categories->respond()
 2 SYSTEMPATH/CodeIgniter.php(934): App\Controllers\Categories->delete()
 3 SYSTEMPATH/CodeIgniter.php(499): CodeIgniter\CodeIgniter->runController()
 4 SYSTEMPATH/CodeIgniter.php(368): CodeIgniter\CodeIgniter->handleRequest()
 5 FCPATH/index.php(67): CodeIgniter\CodeIgniter->run()
 6 SYSTEMPATH/Commands/Server/rewrite.php(47): require_once('FCPATH/index.php')
CRITICAL - 2023-03-26 19:43:22 --> Argument 2 passed to App\Controllers\Categories::respond() must be of the type int or null, string given, called in /home/evgeny/Documents/apteka/back/app/Controllers/Categories.php on line 88
in SYSTEMPATH/API/ResponseTrait.php on line 90.
 1 APPPATH/Controllers/Categories.php(88): App\Controllers\Categories->respond()
 2 SYSTEMPATH/CodeIgniter.php(934): App\Controllers\Categories->delete()
 3 SYSTEMPATH/CodeIgniter.php(499): CodeIgniter\CodeIgniter->runController()
 4 SYSTEMPATH/CodeIgniter.php(368): CodeIgniter\CodeIgniter->handleRequest()
 5 FCPATH/index.php(67): CodeIgniter\CodeIgniter->run()
 6 SYSTEMPATH/Commands/Server/rewrite.php(47): require_once('FCPATH/index.php')
ERROR - 2023-03-26 22:20:33 --> mysqli_sql_exception: Unknown column 'category.idCategory' in 'where clause' in /home/evgeny/Documents/apteka/back/vendor/codeigniter4/framework/system/Database/MySQLi/Connection.php:295
Stack trace:
#0 /home/evgeny/Documents/apteka/back/vendor/codeigniter4/framework/system/Database/MySQLi/Connection.php(295): mysqli->query()
#1 /home/evgeny/Documents/apteka/back/vendor/codeigniter4/framework/system/Database/BaseConnection.php(691): CodeIgniter\Database\MySQLi\Connection->execute()
#2 /home/evgeny/Documents/apteka/back/vendor/codeigniter4/framework/system/Database/BaseConnection.php(605): CodeIgniter\Database\BaseConnection->simpleQuery()
#3 /home/evgeny/Documents/apteka/back/vendor/codeigniter4/framework/system/Database/BaseBuilder.php(1616): CodeIgniter\Database\BaseConnection->query()
#4 /home/evgeny/Documents/apteka/back/vendor/codeigniter4/framework/system/Model.php(241): CodeIgniter\Database\BaseBuilder->get()
#5 /home/evgeny/Documents/apteka/back/vendor/codeigniter4/framework/system/BaseModel.php(618): CodeIgniter\Model->doFindAll()
#6 /home/evgeny/Documents/apteka/back/app/Controllers/SubCategory.php(25): CodeIgniter\BaseModel->findAll()
#7 /home/evgeny/Documents/apteka/back/vendor/codeigniter4/framework/system/CodeIgniter.php(934): App\Controllers\SubCategory->index()
#8 /home/evgeny/Documents/apteka/back/vendor/codeigniter4/framework/system/CodeIgniter.php(499): CodeIgniter\CodeIgniter->runController()
#9 /home/evgeny/Documents/apteka/back/vendor/codeigniter4/framework/system/CodeIgniter.php(368): CodeIgniter\CodeIgniter->handleRequest()
#10 /home/evgeny/Documents/apteka/back/public/index.php(67): CodeIgniter\CodeIgniter->run()
#11 /home/evgeny/Documents/apteka/back/vendor/codeigniter4/framework/system/Commands/Server/rewrite.php(47): require_once('/home/evgeny/Do...')
#12 {main}
CRITICAL - 2023-03-26 22:20:33 --> Unknown column 'category.idCategory' in 'where clause'
in SYSTEMPATH/Database/BaseConnection.php on line 645.
 1 SYSTEMPATH/Database/BaseBuilder.php(1616): CodeIgniter\Database\BaseConnection->query()
 2 SYSTEMPATH/Model.php(241): CodeIgniter\Database\BaseBuilder->get()
 3 SYSTEMPATH/BaseModel.php(618): CodeIgniter\Model->doFindAll()
 4 APPPATH/Controllers/SubCategory.php(25): CodeIgniter\BaseModel->findAll()
 5 SYSTEMPATH/CodeIgniter.php(934): App\Controllers\SubCategory->index()
 6 SYSTEMPATH/CodeIgniter.php(499): CodeIgniter\CodeIgniter->runController()
 7 SYSTEMPATH/CodeIgniter.php(368): CodeIgniter\CodeIgniter->handleRequest()
 8 FCPATH/index.php(67): CodeIgniter\CodeIgniter->run()
 9 SYSTEMPATH/Commands/Server/rewrite.php(47): require_once('FCPATH/index.php')
ERROR - 2023-03-26 22:20:44 --> mysqli_sql_exception: Unknown column 'category.idCategory' in 'where clause' in /home/evgeny/Documents/apteka/back/vendor/codeigniter4/framework/system/Database/MySQLi/Connection.php:295
Stack trace:
#0 /home/evgeny/Documents/apteka/back/vendor/codeigniter4/framework/system/Database/MySQLi/Connection.php(295): mysqli->query()
#1 /home/evgeny/Documents/apteka/back/vendor/codeigniter4/framework/system/Database/BaseConnection.php(691): CodeIgniter\Database\MySQLi\Connection->execute()
#2 /home/evgeny/Documents/apteka/back/vendor/codeigniter4/framework/system/Database/BaseConnection.php(605): CodeIgniter\Database\BaseConnection->simpleQuery()
#3 /home/evgeny/Documents/apteka/back/vendor/codeigniter4/framework/system/Database/BaseBuilder.php(1616): CodeIgniter\Database\BaseConnection->query()
#4 /home/evgeny/Documents/apteka/back/vendor/codeigniter4/framework/system/Model.php(241): CodeIgniter\Database\BaseBuilder->get()
#5 /home/evgeny/Documents/apteka/back/vendor/codeigniter4/framework/system/BaseModel.php(618): CodeIgniter\Model->doFindAll()
#6 /home/evgeny/Documents/apteka/back/app/Controllers/SubCategory.php(25): CodeIgniter\BaseModel->findAll()
#7 /home/evgeny/Documents/apteka/back/vendor/codeigniter4/framework/system/CodeIgniter.php(934): App\Controllers\SubCategory->index()
#8 /home/evgeny/Documents/apteka/back/vendor/codeigniter4/framework/system/CodeIgniter.php(499): CodeIgniter\CodeIgniter->runController()
#9 /home/evgeny/Documents/apteka/back/vendor/codeigniter4/framework/system/CodeIgniter.php(368): CodeIgniter\CodeIgniter->handleRequest()
#10 /home/evgeny/Documents/apteka/back/public/index.php(67): CodeIgniter\CodeIgniter->run()
#11 /home/evgeny/Documents/apteka/back/vendor/codeigniter4/framework/system/Commands/Server/rewrite.php(47): require_once('/home/evgeny/Do...')
#12 {main}
CRITICAL - 2023-03-26 22:20:44 --> Unknown column 'category.idCategory' in 'where clause'
in SYSTEMPATH/Database/BaseConnection.php on line 645.
 1 SYSTEMPATH/Database/BaseBuilder.php(1616): CodeIgniter\Database\BaseConnection->query()
 2 SYSTEMPATH/Model.php(241): CodeIgniter\Database\BaseBuilder->get()
 3 SYSTEMPATH/BaseModel.php(618): CodeIgniter\Model->doFindAll()
 4 APPPATH/Controllers/SubCategory.php(25): CodeIgniter\BaseModel->findAll()
 5 SYSTEMPATH/CodeIgniter.php(934): App\Controllers\SubCategory->index()
 6 SYSTEMPATH/CodeIgniter.php(499): CodeIgniter\CodeIgniter->runController()
 7 SYSTEMPATH/CodeIgniter.php(368): CodeIgniter\CodeIgniter->handleRequest()
 8 FCPATH/index.php(67): CodeIgniter\CodeIgniter->run()
 9 SYSTEMPATH/Commands/Server/rewrite.php(47): require_once('FCPATH/index.php')
ERROR - 2023-03-26 23:46:26 --> mysqli_sql_exception: Column 'formRelease' cannot be null in /home/evgeny/Documents/apteka/back/vendor/codeigniter4/framework/system/Database/MySQLi/Connection.php:295
Stack trace:
#0 /home/evgeny/Documents/apteka/back/vendor/codeigniter4/framework/system/Database/MySQLi/Connection.php(295): mysqli->query()
#1 /home/evgeny/Documents/apteka/back/vendor/codeigniter4/framework/system/Database/BaseConnection.php(691): CodeIgniter\Database\MySQLi\Connection->execute()
#2 /home/evgeny/Documents/apteka/back/vendor/codeigniter4/framework/system/Database/BaseConnection.php(605): CodeIgniter\Database\BaseConnection->simpleQuery()
#3 /home/evgeny/Documents/apteka/back/vendor/codeigniter4/framework/system/Database/BaseBuilder.php(2309): CodeIgniter\Database\BaseConnection->query()
#4 /home/evgeny/Documents/apteka/back/vendor/codeigniter4/framework/system/Model.php(330): CodeIgniter\Database\BaseBuilder->insert()
#5 /home/evgeny/Documents/apteka/back/vendor/codeigniter4/framework/system/BaseModel.php(782): CodeIgniter\Model->doInsert()
#6 /home/evgeny/Documents/apteka/back/vendor/codeigniter4/framework/system/Model.php(730): CodeIgniter\BaseModel->insert()
#7 /home/evgeny/Documents/apteka/back/vendor/codeigniter4/framework/system/BaseModel.php(692): CodeIgniter\Model->insert()
#8 /home/evgeny/Documents/apteka/back/app/Controllers/Products.php(143): CodeIgniter\BaseModel->save()
#9 /home/evgeny/Documents/apteka/back/vendor/codeigniter4/framework/system/CodeIgniter.php(934): App\Controllers\Products->create()
#10 /home/evgeny/Documents/apteka/back/vendor/codeigniter4/framework/system/CodeIgniter.php(499): CodeIgniter\CodeIgniter->runController()
#11 /home/evgeny/Documents/apteka/back/vendor/codeigniter4/framework/system/CodeIgniter.php(368): CodeIgniter\CodeIgniter->handleRequest()
#12 /home/evgeny/Documents/apteka/back/public/index.php(67): CodeIgniter\CodeIgniter->run()
#13 /home/evgeny/Documents/apteka/back/vendor/codeigniter4/framework/system/Commands/Server/rewrite.php(47): require_once('/home/evgeny/Do...')
#14 {main}
CRITICAL - 2023-03-26 23:46:26 --> Column 'formRelease' cannot be null
in SYSTEMPATH/Database/BaseConnection.php on line 645.
 1 SYSTEMPATH/Database/BaseBuilder.php(2309): CodeIgniter\Database\BaseConnection->query()
 2 SYSTEMPATH/Model.php(330): CodeIgniter\Database\BaseBuilder->insert()
 3 SYSTEMPATH/BaseModel.php(782): CodeIgniter\Model->doInsert()
 4 SYSTEMPATH/Model.php(730): CodeIgniter\BaseModel->insert()
 5 SYSTEMPATH/BaseModel.php(692): CodeIgniter\Model->insert()
 6 APPPATH/Controllers/Products.php(143): CodeIgniter\BaseModel->save()
 7 SYSTEMPATH/CodeIgniter.php(934): App\Controllers\Products->create()
 8 SYSTEMPATH/CodeIgniter.php(499): CodeIgniter\CodeIgniter->runController()
 9 SYSTEMPATH/CodeIgniter.php(368): CodeIgniter\CodeIgniter->handleRequest()
10 FCPATH/index.php(67): CodeIgniter\CodeIgniter->run()
11 SYSTEMPATH/Commands/Server/rewrite.php(47): require_once('FCPATH/index.php')
ERROR - 2023-03-26 23:47:14 --> mysqli_sql_exception: Column 'formRelease' cannot be null in /home/evgeny/Documents/apteka/back/vendor/codeigniter4/framework/system/Database/MySQLi/Connection.php:295
Stack trace:
#0 /home/evgeny/Documents/apteka/back/vendor/codeigniter4/framework/system/Database/MySQLi/Connection.php(295): mysqli->query()
#1 /home/evgeny/Documents/apteka/back/vendor/codeigniter4/framework/system/Database/BaseConnection.php(691): CodeIgniter\Database\MySQLi\Connection->execute()
#2 /home/evgeny/Documents/apteka/back/vendor/codeigniter4/framework/system/Database/BaseConnection.php(605): CodeIgniter\Database\BaseConnection->simpleQuery()
#3 /home/evgeny/Documents/apteka/back/vendor/codeigniter4/framework/system/Database/BaseBuilder.php(2309): CodeIgniter\Database\BaseConnection->query()
#4 /home/evgeny/Documents/apteka/back/vendor/codeigniter4/framework/system/Model.php(330): CodeIgniter\Database\BaseBuilder->insert()
#5 /home/evgeny/Documents/apteka/back/vendor/codeigniter4/framework/system/BaseModel.php(782): CodeIgniter\Model->doInsert()
#6 /home/evgeny/Documents/apteka/back/vendor/codeigniter4/framework/system/Model.php(730): CodeIgniter\BaseModel->insert()
#7 /home/evgeny/Documents/apteka/back/vendor/codeigniter4/framework/system/BaseModel.php(692): CodeIgniter\Model->insert()
#8 /home/evgeny/Documents/apteka/back/app/Controllers/Products.php(143): CodeIgniter\BaseModel->save()
#9 /home/evgeny/Documents/apteka/back/vendor/codeigniter4/framework/system/CodeIgniter.php(934): App\Controllers\Products->create()
#10 /home/evgeny/Documents/apteka/back/vendor/codeigniter4/framework/system/CodeIgniter.php(499): CodeIgniter\CodeIgniter->runController()
#11 /home/evgeny/Documents/apteka/back/vendor/codeigniter4/framework/system/CodeIgniter.php(368): CodeIgniter\CodeIgniter->handleRequest()
#12 /home/evgeny/Documents/apteka/back/public/index.php(67): CodeIgniter\CodeIgniter->run()
#13 /home/evgeny/Documents/apteka/back/vendor/codeigniter4/framework/system/Commands/Server/rewrite.php(47): require_once('/home/evgeny/Do...')
#14 {main}
CRITICAL - 2023-03-26 23:47:14 --> Column 'formRelease' cannot be null
in SYSTEMPATH/Database/BaseConnection.php on line 645.
 1 SYSTEMPATH/Database/BaseBuilder.php(2309): CodeIgniter\Database\BaseConnection->query()
 2 SYSTEMPATH/Model.php(330): CodeIgniter\Database\BaseBuilder->insert()
 3 SYSTEMPATH/BaseModel.php(782): CodeIgniter\Model->doInsert()
 4 SYSTEMPATH/Model.php(730): CodeIgniter\BaseModel->insert()
 5 SYSTEMPATH/BaseModel.php(692): CodeIgniter\Model->insert()
 6 APPPATH/Controllers/Products.php(143): CodeIgniter\BaseModel->save()
 7 SYSTEMPATH/CodeIgniter.php(934): App\Controllers\Products->create()
 8 SYSTEMPATH/CodeIgniter.php(499): CodeIgniter\CodeIgniter->runController()
 9 SYSTEMPATH/CodeIgniter.php(368): CodeIgniter\CodeIgniter->handleRequest()
10 FCPATH/index.php(67): CodeIgniter\CodeIgniter->run()
11 SYSTEMPATH/Commands/Server/rewrite.php(47): require_once('FCPATH/index.php')
ERROR - 2023-03-26 23:48:39 --> mysqli_sql_exception: Column 'name' cannot be null in /home/evgeny/Documents/apteka/back/vendor/codeigniter4/framework/system/Database/MySQLi/Connection.php:295
Stack trace:
#0 /home/evgeny/Documents/apteka/back/vendor/codeigniter4/framework/system/Database/MySQLi/Connection.php(295): mysqli->query()
#1 /home/evgeny/Documents/apteka/back/vendor/codeigniter4/framework/system/Database/BaseConnection.php(691): CodeIgniter\Database\MySQLi\Connection->execute()
#2 /home/evgeny/Documents/apteka/back/vendor/codeigniter4/framework/system/Database/BaseConnection.php(605): CodeIgniter\Database\BaseConnection->simpleQuery()
#3 /home/evgeny/Documents/apteka/back/vendor/codeigniter4/framework/system/Database/BaseBuilder.php(2309): CodeIgniter\Database\BaseConnection->query()
#4 /home/evgeny/Documents/apteka/back/vendor/codeigniter4/framework/system/Model.php(330): CodeIgniter\Database\BaseBuilder->insert()
#5 /home/evgeny/Documents/apteka/back/vendor/codeigniter4/framework/system/BaseModel.php(782): CodeIgniter\Model->doInsert()
#6 /home/evgeny/Documents/apteka/back/vendor/codeigniter4/framework/system/Model.php(730): CodeIgniter\BaseModel->insert()
#7 /home/evgeny/Documents/apteka/back/vendor/codeigniter4/framework/system/BaseModel.php(692): CodeIgniter\Model->insert()
#8 /home/evgeny/Documents/apteka/back/app/Controllers/Products.php(143): CodeIgniter\BaseModel->save()
#9 /home/evgeny/Documents/apteka/back/vendor/codeigniter4/framework/system/CodeIgniter.php(934): App\Controllers\Products->create()
#10 /home/evgeny/Documents/apteka/back/vendor/codeigniter4/framework/system/CodeIgniter.php(499): CodeIgniter\CodeIgniter->runController()
#11 /home/evgeny/Documents/apteka/back/vendor/codeigniter4/framework/system/CodeIgniter.php(368): CodeIgniter\CodeIgniter->handleRequest()
#12 /home/evgeny/Documents/apteka/back/public/index.php(67): CodeIgniter\CodeIgniter->run()
#13 /home/evgeny/Documents/apteka/back/vendor/codeigniter4/framework/system/Commands/Server/rewrite.php(47): require_once('/home/evgeny/Do...')
#14 {main}
CRITICAL - 2023-03-26 23:48:39 --> Column 'name' cannot be null
in SYSTEMPATH/Database/BaseConnection.php on line 645.
 1 SYSTEMPATH/Database/BaseBuilder.php(2309): CodeIgniter\Database\BaseConnection->query()
 2 SYSTEMPATH/Model.php(330): CodeIgniter\Database\BaseBuilder->insert()
 3 SYSTEMPATH/BaseModel.php(782): CodeIgniter\Model->doInsert()
 4 SYSTEMPATH/Model.php(730): CodeIgniter\BaseModel->insert()
 5 SYSTEMPATH/BaseModel.php(692): CodeIgniter\Model->insert()
 6 APPPATH/Controllers/Products.php(143): CodeIgniter\BaseModel->save()
 7 SYSTEMPATH/CodeIgniter.php(934): App\Controllers\Products->create()
 8 SYSTEMPATH/CodeIgniter.php(499): CodeIgniter\CodeIgniter->runController()
 9 SYSTEMPATH/CodeIgniter.php(368): CodeIgniter\CodeIgniter->handleRequest()
10 FCPATH/index.php(67): CodeIgniter\CodeIgniter->run()
11 SYSTEMPATH/Commands/Server/rewrite.php(47): require_once('FCPATH/index.php')
