ERROR - 2023-03-19 12:55:55 --> Error connecting to the database: mysqli_sql_exception: Access denied for user 'root'@'localhost' in /mnt/HDD/FilesSharing/apteka/back/vendor/codeigniter4/framework/system/Database/MySQLi/Connection.php:174
Stack trace:
#0 /mnt/HDD/FilesSharing/apteka/back/vendor/codeigniter4/framework/system/Database/MySQLi/Connection.php(174): mysqli->real_connect()
#1 /mnt/HDD/FilesSharing/apteka/back/vendor/codeigniter4/framework/system/Database/BaseConnection.php(391): CodeIgniter\Database\MySQLi\Connection->connect()
#2 /mnt/HDD/FilesSharing/apteka/back/vendor/codeigniter4/framework/system/Database/BaseConnection.php(573): CodeIgniter\Database\BaseConnection->initialize()
#3 /mnt/HDD/FilesSharing/apteka/back/vendor/codeigniter4/framework/system/Database/BaseBuilder.php(1616): CodeIgniter\Database\BaseConnection->query()
#4 /mnt/HDD/FilesSharing/apteka/back/vendor/codeigniter4/framework/system/Model.php(241): CodeIgniter\Database\BaseBuilder->get()
#5 /mnt/HDD/FilesSharing/apteka/back/vendor/codeigniter4/framework/system/BaseModel.php(618): CodeIgniter\Model->doFindAll()
#6 /mnt/HDD/FilesSharing/apteka/back/app/Controllers/Categories.php(30): CodeIgniter\BaseModel->findAll()
#7 /mnt/HDD/FilesSharing/apteka/back/vendor/codeigniter4/framework/system/CodeIgniter.php(934): App\Controllers\Categories->index()
#8 /mnt/HDD/FilesSharing/apteka/back/vendor/codeigniter4/framework/system/CodeIgniter.php(499): CodeIgniter\CodeIgniter->runController()
#9 /mnt/HDD/FilesSharing/apteka/back/vendor/codeigniter4/framework/system/CodeIgniter.php(368): CodeIgniter\CodeIgniter->handleRequest()
#10 /mnt/HDD/FilesSharing/apteka/back/public/index.php(67): CodeIgniter\CodeIgniter->run()
#11 /mnt/HDD/FilesSharing/apteka/back/vendor/codeigniter4/framework/system/Commands/Server/rewrite.php(47): require_once('/mnt/HDD/FilesS...')
#12 {main}

Next CodeIgniter\Database\Exceptions\DatabaseException: Access denied for user '****'@'localhost' in /mnt/HDD/FilesSharing/apteka/back/vendor/codeigniter4/framework/system/Database/MySQLi/Connection.php:218
Stack trace:
#0 /mnt/HDD/FilesSharing/apteka/back/vendor/codeigniter4/framework/system/Database/BaseConnection.php(391): CodeIgniter\Database\MySQLi\Connection->connect()
#1 /mnt/HDD/FilesSharing/apteka/back/vendor/codeigniter4/framework/system/Database/BaseConnection.php(573): CodeIgniter\Database\BaseConnection->initialize()
#2 /mnt/HDD/FilesSharing/apteka/back/vendor/codeigniter4/framework/system/Database/BaseBuilder.php(1616): CodeIgniter\Database\BaseConnection->query()
#3 /mnt/HDD/FilesSharing/apteka/back/vendor/codeigniter4/framework/system/Model.php(241): CodeIgniter\Database\BaseBuilder->get()
#4 /mnt/HDD/FilesSharing/apteka/back/vendor/codeigniter4/framework/system/BaseModel.php(618): CodeIgniter\Model->doFindAll()
#5 /mnt/HDD/FilesSharing/apteka/back/app/Controllers/Categories.php(30): CodeIgniter\BaseModel->findAll()
#6 /mnt/HDD/FilesSharing/apteka/back/vendor/codeigniter4/framework/system/CodeIgniter.php(934): App\Controllers\Categories->index()
#7 /mnt/HDD/FilesSharing/apteka/back/vendor/codeigniter4/framework/system/CodeIgniter.php(499): CodeIgniter\CodeIgniter->runController()
#8 /mnt/HDD/FilesSharing/apteka/back/vendor/codeigniter4/framework/system/CodeIgniter.php(368): CodeIgniter\CodeIgniter->handleRequest()
#9 /mnt/HDD/FilesSharing/apteka/back/public/index.php(67): CodeIgniter\CodeIgniter->run()
#10 /mnt/HDD/FilesSharing/apteka/back/vendor/codeigniter4/framework/system/Commands/Server/rewrite.php(47): require_once('/mnt/HDD/FilesS...')
#11 {main}
CRITICAL - 2023-03-19 12:55:55 --> Unable to connect to the database.
Main connection [MySQLi]: Access denied for user '****'@'localhost'
in SYSTEMPATH/Database/BaseConnection.php on line 427.
 1 SYSTEMPATH/Database/BaseConnection.php(573): CodeIgniter\Database\BaseConnection->initialize()
 2 SYSTEMPATH/Database/BaseBuilder.php(1616): CodeIgniter\Database\BaseConnection->query()
 3 SYSTEMPATH/Model.php(241): CodeIgniter\Database\BaseBuilder->get()
 4 SYSTEMPATH/BaseModel.php(618): CodeIgniter\Model->doFindAll()
 5 APPPATH/Controllers/Categories.php(30): CodeIgniter\BaseModel->findAll()
 6 SYSTEMPATH/CodeIgniter.php(934): App\Controllers\Categories->index()
 7 SYSTEMPATH/CodeIgniter.php(499): CodeIgniter\CodeIgniter->runController()
 8 SYSTEMPATH/CodeIgniter.php(368): CodeIgniter\CodeIgniter->handleRequest()
 9 FCPATH/index.php(67): CodeIgniter\CodeIgniter->run()
10 SYSTEMPATH/Commands/Server/rewrite.php(47): require_once('FCPATH/index.php')
ERROR - 2023-03-19 12:56:00 --> Error connecting to the database: mysqli_sql_exception: Access denied for user 'root'@'localhost' in /mnt/HDD/FilesSharing/apteka/back/vendor/codeigniter4/framework/system/Database/MySQLi/Connection.php:174
Stack trace:
#0 /mnt/HDD/FilesSharing/apteka/back/vendor/codeigniter4/framework/system/Database/MySQLi/Connection.php(174): mysqli->real_connect()
#1 /mnt/HDD/FilesSharing/apteka/back/vendor/codeigniter4/framework/system/Database/BaseConnection.php(391): CodeIgniter\Database\MySQLi\Connection->connect()
#2 /mnt/HDD/FilesSharing/apteka/back/vendor/codeigniter4/framework/system/Database/BaseConnection.php(573): CodeIgniter\Database\BaseConnection->initialize()
#3 /mnt/HDD/FilesSharing/apteka/back/vendor/codeigniter4/framework/system/Database/BaseBuilder.php(1616): CodeIgniter\Database\BaseConnection->query()
#4 /mnt/HDD/FilesSharing/apteka/back/vendor/codeigniter4/framework/system/Model.php(241): CodeIgniter\Database\BaseBuilder->get()
#5 /mnt/HDD/FilesSharing/apteka/back/vendor/codeigniter4/framework/system/BaseModel.php(618): CodeIgniter\Model->doFindAll()
#6 /mnt/HDD/FilesSharing/apteka/back/app/Controllers/Categories.php(30): CodeIgniter\BaseModel->findAll()
#7 /mnt/HDD/FilesSharing/apteka/back/vendor/codeigniter4/framework/system/CodeIgniter.php(934): App\Controllers\Categories->index()
#8 /mnt/HDD/FilesSharing/apteka/back/vendor/codeigniter4/framework/system/CodeIgniter.php(499): CodeIgniter\CodeIgniter->runController()
#9 /mnt/HDD/FilesSharing/apteka/back/vendor/codeigniter4/framework/system/CodeIgniter.php(368): CodeIgniter\CodeIgniter->handleRequest()
#10 /mnt/HDD/FilesSharing/apteka/back/public/index.php(67): CodeIgniter\CodeIgniter->run()
#11 /mnt/HDD/FilesSharing/apteka/back/vendor/codeigniter4/framework/system/Commands/Server/rewrite.php(47): require_once('/mnt/HDD/FilesS...')
#12 {main}

Next CodeIgniter\Database\Exceptions\DatabaseException: Access denied for user '****'@'localhost' in /mnt/HDD/FilesSharing/apteka/back/vendor/codeigniter4/framework/system/Database/MySQLi/Connection.php:218
Stack trace:
#0 /mnt/HDD/FilesSharing/apteka/back/vendor/codeigniter4/framework/system/Database/BaseConnection.php(391): CodeIgniter\Database\MySQLi\Connection->connect()
#1 /mnt/HDD/FilesSharing/apteka/back/vendor/codeigniter4/framework/system/Database/BaseConnection.php(573): CodeIgniter\Database\BaseConnection->initialize()
#2 /mnt/HDD/FilesSharing/apteka/back/vendor/codeigniter4/framework/system/Database/BaseBuilder.php(1616): CodeIgniter\Database\BaseConnection->query()
#3 /mnt/HDD/FilesSharing/apteka/back/vendor/codeigniter4/framework/system/Model.php(241): CodeIgniter\Database\BaseBuilder->get()
#4 /mnt/HDD/FilesSharing/apteka/back/vendor/codeigniter4/framework/system/BaseModel.php(618): CodeIgniter\Model->doFindAll()
#5 /mnt/HDD/FilesSharing/apteka/back/app/Controllers/Categories.php(30): CodeIgniter\BaseModel->findAll()
#6 /mnt/HDD/FilesSharing/apteka/back/vendor/codeigniter4/framework/system/CodeIgniter.php(934): App\Controllers\Categories->index()
#7 /mnt/HDD/FilesSharing/apteka/back/vendor/codeigniter4/framework/system/CodeIgniter.php(499): CodeIgniter\CodeIgniter->runController()
#8 /mnt/HDD/FilesSharing/apteka/back/vendor/codeigniter4/framework/system/CodeIgniter.php(368): CodeIgniter\CodeIgniter->handleRequest()
#9 /mnt/HDD/FilesSharing/apteka/back/public/index.php(67): CodeIgniter\CodeIgniter->run()
#10 /mnt/HDD/FilesSharing/apteka/back/vendor/codeigniter4/framework/system/Commands/Server/rewrite.php(47): require_once('/mnt/HDD/FilesS...')
#11 {main}
CRITICAL - 2023-03-19 12:56:00 --> Unable to connect to the database.
Main connection [MySQLi]: Access denied for user '****'@'localhost'
in SYSTEMPATH/Database/BaseConnection.php on line 427.
 1 SYSTEMPATH/Database/BaseConnection.php(573): CodeIgniter\Database\BaseConnection->initialize()
 2 SYSTEMPATH/Database/BaseBuilder.php(1616): CodeIgniter\Database\BaseConnection->query()
 3 SYSTEMPATH/Model.php(241): CodeIgniter\Database\BaseBuilder->get()
 4 SYSTEMPATH/BaseModel.php(618): CodeIgniter\Model->doFindAll()
 5 APPPATH/Controllers/Categories.php(30): CodeIgniter\BaseModel->findAll()
 6 SYSTEMPATH/CodeIgniter.php(934): App\Controllers\Categories->index()
 7 SYSTEMPATH/CodeIgniter.php(499): CodeIgniter\CodeIgniter->runController()
 8 SYSTEMPATH/CodeIgniter.php(368): CodeIgniter\CodeIgniter->handleRequest()
 9 FCPATH/index.php(67): CodeIgniter\CodeIgniter->run()
10 SYSTEMPATH/Commands/Server/rewrite.php(47): require_once('FCPATH/index.php')
ERROR - 2023-03-19 12:56:02 --> Error connecting to the database: mysqli_sql_exception: Access denied for user 'root'@'localhost' in /mnt/HDD/FilesSharing/apteka/back/vendor/codeigniter4/framework/system/Database/MySQLi/Connection.php:174
Stack trace:
#0 /mnt/HDD/FilesSharing/apteka/back/vendor/codeigniter4/framework/system/Database/MySQLi/Connection.php(174): mysqli->real_connect()
#1 /mnt/HDD/FilesSharing/apteka/back/vendor/codeigniter4/framework/system/Database/BaseConnection.php(391): CodeIgniter\Database\MySQLi\Connection->connect()
#2 /mnt/HDD/FilesSharing/apteka/back/vendor/codeigniter4/framework/system/Database/BaseConnection.php(573): CodeIgniter\Database\BaseConnection->initialize()
#3 /mnt/HDD/FilesSharing/apteka/back/vendor/codeigniter4/framework/system/Database/BaseBuilder.php(1616): CodeIgniter\Database\BaseConnection->query()
#4 /mnt/HDD/FilesSharing/apteka/back/vendor/codeigniter4/framework/system/Model.php(241): CodeIgniter\Database\BaseBuilder->get()
#5 /mnt/HDD/FilesSharing/apteka/back/vendor/codeigniter4/framework/system/BaseModel.php(618): CodeIgniter\Model->doFindAll()
#6 /mnt/HDD/FilesSharing/apteka/back/app/Controllers/Categories.php(30): CodeIgniter\BaseModel->findAll()
#7 /mnt/HDD/FilesSharing/apteka/back/vendor/codeigniter4/framework/system/CodeIgniter.php(934): App\Controllers\Categories->index()
#8 /mnt/HDD/FilesSharing/apteka/back/vendor/codeigniter4/framework/system/CodeIgniter.php(499): CodeIgniter\CodeIgniter->runController()
#9 /mnt/HDD/FilesSharing/apteka/back/vendor/codeigniter4/framework/system/CodeIgniter.php(368): CodeIgniter\CodeIgniter->handleRequest()
#10 /mnt/HDD/FilesSharing/apteka/back/public/index.php(67): CodeIgniter\CodeIgniter->run()
#11 /mnt/HDD/FilesSharing/apteka/back/vendor/codeigniter4/framework/system/Commands/Server/rewrite.php(47): require_once('/mnt/HDD/FilesS...')
#12 {main}

Next CodeIgniter\Database\Exceptions\DatabaseException: Access denied for user '****'@'localhost' in /mnt/HDD/FilesSharing/apteka/back/vendor/codeigniter4/framework/system/Database/MySQLi/Connection.php:218
Stack trace:
#0 /mnt/HDD/FilesSharing/apteka/back/vendor/codeigniter4/framework/system/Database/BaseConnection.php(391): CodeIgniter\Database\MySQLi\Connection->connect()
#1 /mnt/HDD/FilesSharing/apteka/back/vendor/codeigniter4/framework/system/Database/BaseConnection.php(573): CodeIgniter\Database\BaseConnection->initialize()
#2 /mnt/HDD/FilesSharing/apteka/back/vendor/codeigniter4/framework/system/Database/BaseBuilder.php(1616): CodeIgniter\Database\BaseConnection->query()
#3 /mnt/HDD/FilesSharing/apteka/back/vendor/codeigniter4/framework/system/Model.php(241): CodeIgniter\Database\BaseBuilder->get()
#4 /mnt/HDD/FilesSharing/apteka/back/vendor/codeigniter4/framework/system/BaseModel.php(618): CodeIgniter\Model->doFindAll()
#5 /mnt/HDD/FilesSharing/apteka/back/app/Controllers/Categories.php(30): CodeIgniter\BaseModel->findAll()
#6 /mnt/HDD/FilesSharing/apteka/back/vendor/codeigniter4/framework/system/CodeIgniter.php(934): App\Controllers\Categories->index()
#7 /mnt/HDD/FilesSharing/apteka/back/vendor/codeigniter4/framework/system/CodeIgniter.php(499): CodeIgniter\CodeIgniter->runController()
#8 /mnt/HDD/FilesSharing/apteka/back/vendor/codeigniter4/framework/system/CodeIgniter.php(368): CodeIgniter\CodeIgniter->handleRequest()
#9 /mnt/HDD/FilesSharing/apteka/back/public/index.php(67): CodeIgniter\CodeIgniter->run()
#10 /mnt/HDD/FilesSharing/apteka/back/vendor/codeigniter4/framework/system/Commands/Server/rewrite.php(47): require_once('/mnt/HDD/FilesS...')
#11 {main}
CRITICAL - 2023-03-19 12:56:02 --> Unable to connect to the database.
Main connection [MySQLi]: Access denied for user '****'@'localhost'
in SYSTEMPATH/Database/BaseConnection.php on line 427.
 1 SYSTEMPATH/Database/BaseConnection.php(573): CodeIgniter\Database\BaseConnection->initialize()
 2 SYSTEMPATH/Database/BaseBuilder.php(1616): CodeIgniter\Database\BaseConnection->query()
 3 SYSTEMPATH/Model.php(241): CodeIgniter\Database\BaseBuilder->get()
 4 SYSTEMPATH/BaseModel.php(618): CodeIgniter\Model->doFindAll()
 5 APPPATH/Controllers/Categories.php(30): CodeIgniter\BaseModel->findAll()
 6 SYSTEMPATH/CodeIgniter.php(934): App\Controllers\Categories->index()
 7 SYSTEMPATH/CodeIgniter.php(499): CodeIgniter\CodeIgniter->runController()
 8 SYSTEMPATH/CodeIgniter.php(368): CodeIgniter\CodeIgniter->handleRequest()
 9 FCPATH/index.php(67): CodeIgniter\CodeIgniter->run()
10 SYSTEMPATH/Commands/Server/rewrite.php(47): require_once('FCPATH/index.php')
ERROR - 2023-03-19 12:56:21 --> Error connecting to the database: mysqli_sql_exception: Access denied for user 'root'@'localhost' in /mnt/HDD/FilesSharing/apteka/back/vendor/codeigniter4/framework/system/Database/MySQLi/Connection.php:174
Stack trace:
#0 /mnt/HDD/FilesSharing/apteka/back/vendor/codeigniter4/framework/system/Database/MySQLi/Connection.php(174): mysqli->real_connect()
#1 /mnt/HDD/FilesSharing/apteka/back/vendor/codeigniter4/framework/system/Database/BaseConnection.php(391): CodeIgniter\Database\MySQLi\Connection->connect()
#2 /mnt/HDD/FilesSharing/apteka/back/vendor/codeigniter4/framework/system/Database/BaseConnection.php(573): CodeIgniter\Database\BaseConnection->initialize()
#3 /mnt/HDD/FilesSharing/apteka/back/vendor/codeigniter4/framework/system/Database/BaseBuilder.php(1616): CodeIgniter\Database\BaseConnection->query()
#4 /mnt/HDD/FilesSharing/apteka/back/vendor/codeigniter4/framework/system/Model.php(241): CodeIgniter\Database\BaseBuilder->get()
#5 /mnt/HDD/FilesSharing/apteka/back/vendor/codeigniter4/framework/system/BaseModel.php(618): CodeIgniter\Model->doFindAll()
#6 /mnt/HDD/FilesSharing/apteka/back/app/Controllers/Categories.php(30): CodeIgniter\BaseModel->findAll()
#7 /mnt/HDD/FilesSharing/apteka/back/vendor/codeigniter4/framework/system/CodeIgniter.php(934): App\Controllers\Categories->index()
#8 /mnt/HDD/FilesSharing/apteka/back/vendor/codeigniter4/framework/system/CodeIgniter.php(499): CodeIgniter\CodeIgniter->runController()
#9 /mnt/HDD/FilesSharing/apteka/back/vendor/codeigniter4/framework/system/CodeIgniter.php(368): CodeIgniter\CodeIgniter->handleRequest()
#10 /mnt/HDD/FilesSharing/apteka/back/public/index.php(67): CodeIgniter\CodeIgniter->run()
#11 /mnt/HDD/FilesSharing/apteka/back/vendor/codeigniter4/framework/system/Commands/Server/rewrite.php(47): require_once('/mnt/HDD/FilesS...')
#12 {main}

Next CodeIgniter\Database\Exceptions\DatabaseException: Access denied for user '****'@'localhost' in /mnt/HDD/FilesSharing/apteka/back/vendor/codeigniter4/framework/system/Database/MySQLi/Connection.php:218
Stack trace:
#0 /mnt/HDD/FilesSharing/apteka/back/vendor/codeigniter4/framework/system/Database/BaseConnection.php(391): CodeIgniter\Database\MySQLi\Connection->connect()
#1 /mnt/HDD/FilesSharing/apteka/back/vendor/codeigniter4/framework/system/Database/BaseConnection.php(573): CodeIgniter\Database\BaseConnection->initialize()
#2 /mnt/HDD/FilesSharing/apteka/back/vendor/codeigniter4/framework/system/Database/BaseBuilder.php(1616): CodeIgniter\Database\BaseConnection->query()
#3 /mnt/HDD/FilesSharing/apteka/back/vendor/codeigniter4/framework/system/Model.php(241): CodeIgniter\Database\BaseBuilder->get()
#4 /mnt/HDD/FilesSharing/apteka/back/vendor/codeigniter4/framework/system/BaseModel.php(618): CodeIgniter\Model->doFindAll()
#5 /mnt/HDD/FilesSharing/apteka/back/app/Controllers/Categories.php(30): CodeIgniter\BaseModel->findAll()
#6 /mnt/HDD/FilesSharing/apteka/back/vendor/codeigniter4/framework/system/CodeIgniter.php(934): App\Controllers\Categories->index()
#7 /mnt/HDD/FilesSharing/apteka/back/vendor/codeigniter4/framework/system/CodeIgniter.php(499): CodeIgniter\CodeIgniter->runController()
#8 /mnt/HDD/FilesSharing/apteka/back/vendor/codeigniter4/framework/system/CodeIgniter.php(368): CodeIgniter\CodeIgniter->handleRequest()
#9 /mnt/HDD/FilesSharing/apteka/back/public/index.php(67): CodeIgniter\CodeIgniter->run()
#10 /mnt/HDD/FilesSharing/apteka/back/vendor/codeigniter4/framework/system/Commands/Server/rewrite.php(47): require_once('/mnt/HDD/FilesS...')
#11 {main}
CRITICAL - 2023-03-19 12:56:21 --> Unable to connect to the database.
Main connection [MySQLi]: Access denied for user '****'@'localhost'
in SYSTEMPATH/Database/BaseConnection.php on line 427.
 1 SYSTEMPATH/Database/BaseConnection.php(573): CodeIgniter\Database\BaseConnection->initialize()
 2 SYSTEMPATH/Database/BaseBuilder.php(1616): CodeIgniter\Database\BaseConnection->query()
 3 SYSTEMPATH/Model.php(241): CodeIgniter\Database\BaseBuilder->get()
 4 SYSTEMPATH/BaseModel.php(618): CodeIgniter\Model->doFindAll()
 5 APPPATH/Controllers/Categories.php(30): CodeIgniter\BaseModel->findAll()
 6 SYSTEMPATH/CodeIgniter.php(934): App\Controllers\Categories->index()
 7 SYSTEMPATH/CodeIgniter.php(499): CodeIgniter\CodeIgniter->runController()
 8 SYSTEMPATH/CodeIgniter.php(368): CodeIgniter\CodeIgniter->handleRequest()
 9 FCPATH/index.php(67): CodeIgniter\CodeIgniter->run()
10 SYSTEMPATH/Commands/Server/rewrite.php(47): require_once('FCPATH/index.php')
ERROR - 2023-03-19 12:56:40 --> Error connecting to the database: mysqli_sql_exception: Access denied for user 'root'@'localhost' in /mnt/HDD/FilesSharing/apteka/back/vendor/codeigniter4/framework/system/Database/MySQLi/Connection.php:174
Stack trace:
#0 /mnt/HDD/FilesSharing/apteka/back/vendor/codeigniter4/framework/system/Database/MySQLi/Connection.php(174): mysqli->real_connect()
#1 /mnt/HDD/FilesSharing/apteka/back/vendor/codeigniter4/framework/system/Database/BaseConnection.php(391): CodeIgniter\Database\MySQLi\Connection->connect()
#2 /mnt/HDD/FilesSharing/apteka/back/vendor/codeigniter4/framework/system/Database/BaseConnection.php(573): CodeIgniter\Database\BaseConnection->initialize()
#3 /mnt/HDD/FilesSharing/apteka/back/vendor/codeigniter4/framework/system/Database/BaseBuilder.php(1616): CodeIgniter\Database\BaseConnection->query()
#4 /mnt/HDD/FilesSharing/apteka/back/vendor/codeigniter4/framework/system/Model.php(241): CodeIgniter\Database\BaseBuilder->get()
#5 /mnt/HDD/FilesSharing/apteka/back/vendor/codeigniter4/framework/system/BaseModel.php(618): CodeIgniter\Model->doFindAll()
#6 /mnt/HDD/FilesSharing/apteka/back/app/Controllers/Categories.php(30): CodeIgniter\BaseModel->findAll()
#7 /mnt/HDD/FilesSharing/apteka/back/vendor/codeigniter4/framework/system/CodeIgniter.php(934): App\Controllers\Categories->index()
#8 /mnt/HDD/FilesSharing/apteka/back/vendor/codeigniter4/framework/system/CodeIgniter.php(499): CodeIgniter\CodeIgniter->runController()
#9 /mnt/HDD/FilesSharing/apteka/back/vendor/codeigniter4/framework/system/CodeIgniter.php(368): CodeIgniter\CodeIgniter->handleRequest()
#10 /mnt/HDD/FilesSharing/apteka/back/public/index.php(67): CodeIgniter\CodeIgniter->run()
#11 /mnt/HDD/FilesSharing/apteka/back/vendor/codeigniter4/framework/system/Commands/Server/rewrite.php(47): require_once('/mnt/HDD/FilesS...')
#12 {main}

Next CodeIgniter\Database\Exceptions\DatabaseException: Access denied for user '****'@'localhost' in /mnt/HDD/FilesSharing/apteka/back/vendor/codeigniter4/framework/system/Database/MySQLi/Connection.php:218
Stack trace:
#0 /mnt/HDD/FilesSharing/apteka/back/vendor/codeigniter4/framework/system/Database/BaseConnection.php(391): CodeIgniter\Database\MySQLi\Connection->connect()
#1 /mnt/HDD/FilesSharing/apteka/back/vendor/codeigniter4/framework/system/Database/BaseConnection.php(573): CodeIgniter\Database\BaseConnection->initialize()
#2 /mnt/HDD/FilesSharing/apteka/back/vendor/codeigniter4/framework/system/Database/BaseBuilder.php(1616): CodeIgniter\Database\BaseConnection->query()
#3 /mnt/HDD/FilesSharing/apteka/back/vendor/codeigniter4/framework/system/Model.php(241): CodeIgniter\Database\BaseBuilder->get()
#4 /mnt/HDD/FilesSharing/apteka/back/vendor/codeigniter4/framework/system/BaseModel.php(618): CodeIgniter\Model->doFindAll()
#5 /mnt/HDD/FilesSharing/apteka/back/app/Controllers/Categories.php(30): CodeIgniter\BaseModel->findAll()
#6 /mnt/HDD/FilesSharing/apteka/back/vendor/codeigniter4/framework/system/CodeIgniter.php(934): App\Controllers\Categories->index()
#7 /mnt/HDD/FilesSharing/apteka/back/vendor/codeigniter4/framework/system/CodeIgniter.php(499): CodeIgniter\CodeIgniter->runController()
#8 /mnt/HDD/FilesSharing/apteka/back/vendor/codeigniter4/framework/system/CodeIgniter.php(368): CodeIgniter\CodeIgniter->handleRequest()
#9 /mnt/HDD/FilesSharing/apteka/back/public/index.php(67): CodeIgniter\CodeIgniter->run()
#10 /mnt/HDD/FilesSharing/apteka/back/vendor/codeigniter4/framework/system/Commands/Server/rewrite.php(47): require_once('/mnt/HDD/FilesS...')
#11 {main}
CRITICAL - 2023-03-19 12:56:40 --> Unable to connect to the database.
Main connection [MySQLi]: Access denied for user '****'@'localhost'
in SYSTEMPATH/Database/BaseConnection.php on line 427.
 1 SYSTEMPATH/Database/BaseConnection.php(573): CodeIgniter\Database\BaseConnection->initialize()
 2 SYSTEMPATH/Database/BaseBuilder.php(1616): CodeIgniter\Database\BaseConnection->query()
 3 SYSTEMPATH/Model.php(241): CodeIgniter\Database\BaseBuilder->get()
 4 SYSTEMPATH/BaseModel.php(618): CodeIgniter\Model->doFindAll()
 5 APPPATH/Controllers/Categories.php(30): CodeIgniter\BaseModel->findAll()
 6 SYSTEMPATH/CodeIgniter.php(934): App\Controllers\Categories->index()
 7 SYSTEMPATH/CodeIgniter.php(499): CodeIgniter\CodeIgniter->runController()
 8 SYSTEMPATH/CodeIgniter.php(368): CodeIgniter\CodeIgniter->handleRequest()
 9 FCPATH/index.php(67): CodeIgniter\CodeIgniter->run()
10 SYSTEMPATH/Commands/Server/rewrite.php(47): require_once('FCPATH/index.php')
ERROR - 2023-03-19 12:58:17 --> Error connecting to the database: mysqli_sql_exception: Access denied for user 'root'@'localhost' in /mnt/HDD/FilesSharing/apteka/back/vendor/codeigniter4/framework/system/Database/MySQLi/Connection.php:174
Stack trace:
#0 /mnt/HDD/FilesSharing/apteka/back/vendor/codeigniter4/framework/system/Database/MySQLi/Connection.php(174): mysqli->real_connect()
#1 /mnt/HDD/FilesSharing/apteka/back/vendor/codeigniter4/framework/system/Database/BaseConnection.php(391): CodeIgniter\Database\MySQLi\Connection->connect()
#2 /mnt/HDD/FilesSharing/apteka/back/vendor/codeigniter4/framework/system/Database/BaseConnection.php(573): CodeIgniter\Database\BaseConnection->initialize()
#3 /mnt/HDD/FilesSharing/apteka/back/vendor/codeigniter4/framework/system/Database/BaseBuilder.php(1616): CodeIgniter\Database\BaseConnection->query()
#4 /mnt/HDD/FilesSharing/apteka/back/vendor/codeigniter4/framework/system/Model.php(241): CodeIgniter\Database\BaseBuilder->get()
#5 /mnt/HDD/FilesSharing/apteka/back/vendor/codeigniter4/framework/system/BaseModel.php(618): CodeIgniter\Model->doFindAll()
#6 /mnt/HDD/FilesSharing/apteka/back/app/Controllers/Categories.php(30): CodeIgniter\BaseModel->findAll()
#7 /mnt/HDD/FilesSharing/apteka/back/vendor/codeigniter4/framework/system/CodeIgniter.php(934): App\Controllers\Categories->index()
#8 /mnt/HDD/FilesSharing/apteka/back/vendor/codeigniter4/framework/system/CodeIgniter.php(499): CodeIgniter\CodeIgniter->runController()
#9 /mnt/HDD/FilesSharing/apteka/back/vendor/codeigniter4/framework/system/CodeIgniter.php(368): CodeIgniter\CodeIgniter->handleRequest()
#10 /mnt/HDD/FilesSharing/apteka/back/public/index.php(67): CodeIgniter\CodeIgniter->run()
#11 /mnt/HDD/FilesSharing/apteka/back/vendor/codeigniter4/framework/system/Commands/Server/rewrite.php(47): require_once('/mnt/HDD/FilesS...')
#12 {main}

Next CodeIgniter\Database\Exceptions\DatabaseException: Access denied for user '****'@'localhost' in /mnt/HDD/FilesSharing/apteka/back/vendor/codeigniter4/framework/system/Database/MySQLi/Connection.php:218
Stack trace:
#0 /mnt/HDD/FilesSharing/apteka/back/vendor/codeigniter4/framework/system/Database/BaseConnection.php(391): CodeIgniter\Database\MySQLi\Connection->connect()
#1 /mnt/HDD/FilesSharing/apteka/back/vendor/codeigniter4/framework/system/Database/BaseConnection.php(573): CodeIgniter\Database\BaseConnection->initialize()
#2 /mnt/HDD/FilesSharing/apteka/back/vendor/codeigniter4/framework/system/Database/BaseBuilder.php(1616): CodeIgniter\Database\BaseConnection->query()
#3 /mnt/HDD/FilesSharing/apteka/back/vendor/codeigniter4/framework/system/Model.php(241): CodeIgniter\Database\BaseBuilder->get()
#4 /mnt/HDD/FilesSharing/apteka/back/vendor/codeigniter4/framework/system/BaseModel.php(618): CodeIgniter\Model->doFindAll()
#5 /mnt/HDD/FilesSharing/apteka/back/app/Controllers/Categories.php(30): CodeIgniter\BaseModel->findAll()
#6 /mnt/HDD/FilesSharing/apteka/back/vendor/codeigniter4/framework/system/CodeIgniter.php(934): App\Controllers\Categories->index()
#7 /mnt/HDD/FilesSharing/apteka/back/vendor/codeigniter4/framework/system/CodeIgniter.php(499): CodeIgniter\CodeIgniter->runController()
#8 /mnt/HDD/FilesSharing/apteka/back/vendor/codeigniter4/framework/system/CodeIgniter.php(368): CodeIgniter\CodeIgniter->handleRequest()
#9 /mnt/HDD/FilesSharing/apteka/back/public/index.php(67): CodeIgniter\CodeIgniter->run()
#10 /mnt/HDD/FilesSharing/apteka/back/vendor/codeigniter4/framework/system/Commands/Server/rewrite.php(47): require_once('/mnt/HDD/FilesS...')
#11 {main}
CRITICAL - 2023-03-19 12:58:17 --> Unable to connect to the database.
Main connection [MySQLi]: Access denied for user '****'@'localhost'
in SYSTEMPATH/Database/BaseConnection.php on line 427.
 1 SYSTEMPATH/Database/BaseConnection.php(573): CodeIgniter\Database\BaseConnection->initialize()
 2 SYSTEMPATH/Database/BaseBuilder.php(1616): CodeIgniter\Database\BaseConnection->query()
 3 SYSTEMPATH/Model.php(241): CodeIgniter\Database\BaseBuilder->get()
 4 SYSTEMPATH/BaseModel.php(618): CodeIgniter\Model->doFindAll()
 5 APPPATH/Controllers/Categories.php(30): CodeIgniter\BaseModel->findAll()
 6 SYSTEMPATH/CodeIgniter.php(934): App\Controllers\Categories->index()
 7 SYSTEMPATH/CodeIgniter.php(499): CodeIgniter\CodeIgniter->runController()
 8 SYSTEMPATH/CodeIgniter.php(368): CodeIgniter\CodeIgniter->handleRequest()
 9 FCPATH/index.php(67): CodeIgniter\CodeIgniter->run()
10 SYSTEMPATH/Commands/Server/rewrite.php(47): require_once('FCPATH/index.php')
ERROR - 2023-03-19 12:58:34 --> Error connecting to the database: mysqli_sql_exception: Access denied for user 'root'@'localhost' in /mnt/HDD/FilesSharing/apteka/back/vendor/codeigniter4/framework/system/Database/MySQLi/Connection.php:174
Stack trace:
#0 /mnt/HDD/FilesSharing/apteka/back/vendor/codeigniter4/framework/system/Database/MySQLi/Connection.php(174): mysqli->real_connect()
#1 /mnt/HDD/FilesSharing/apteka/back/vendor/codeigniter4/framework/system/Database/BaseConnection.php(391): CodeIgniter\Database\MySQLi\Connection->connect()
#2 /mnt/HDD/FilesSharing/apteka/back/vendor/codeigniter4/framework/system/Database/BaseConnection.php(573): CodeIgniter\Database\BaseConnection->initialize()
#3 /mnt/HDD/FilesSharing/apteka/back/vendor/codeigniter4/framework/system/Database/BaseBuilder.php(1616): CodeIgniter\Database\BaseConnection->query()
#4 /mnt/HDD/FilesSharing/apteka/back/vendor/codeigniter4/framework/system/Model.php(241): CodeIgniter\Database\BaseBuilder->get()
#5 /mnt/HDD/FilesSharing/apteka/back/vendor/codeigniter4/framework/system/BaseModel.php(618): CodeIgniter\Model->doFindAll()
#6 /mnt/HDD/FilesSharing/apteka/back/app/Controllers/Categories.php(30): CodeIgniter\BaseModel->findAll()
#7 /mnt/HDD/FilesSharing/apteka/back/vendor/codeigniter4/framework/system/CodeIgniter.php(934): App\Controllers\Categories->index()
#8 /mnt/HDD/FilesSharing/apteka/back/vendor/codeigniter4/framework/system/CodeIgniter.php(499): CodeIgniter\CodeIgniter->runController()
#9 /mnt/HDD/FilesSharing/apteka/back/vendor/codeigniter4/framework/system/CodeIgniter.php(368): CodeIgniter\CodeIgniter->handleRequest()
#10 /mnt/HDD/FilesSharing/apteka/back/public/index.php(67): CodeIgniter\CodeIgniter->run()
#11 /mnt/HDD/FilesSharing/apteka/back/vendor/codeigniter4/framework/system/Commands/Server/rewrite.php(47): require_once('/mnt/HDD/FilesS...')
#12 {main}

Next CodeIgniter\Database\Exceptions\DatabaseException: Access denied for user '****'@'localhost' in /mnt/HDD/FilesSharing/apteka/back/vendor/codeigniter4/framework/system/Database/MySQLi/Connection.php:218
Stack trace:
#0 /mnt/HDD/FilesSharing/apteka/back/vendor/codeigniter4/framework/system/Database/BaseConnection.php(391): CodeIgniter\Database\MySQLi\Connection->connect()
#1 /mnt/HDD/FilesSharing/apteka/back/vendor/codeigniter4/framework/system/Database/BaseConnection.php(573): CodeIgniter\Database\BaseConnection->initialize()
#2 /mnt/HDD/FilesSharing/apteka/back/vendor/codeigniter4/framework/system/Database/BaseBuilder.php(1616): CodeIgniter\Database\BaseConnection->query()
#3 /mnt/HDD/FilesSharing/apteka/back/vendor/codeigniter4/framework/system/Model.php(241): CodeIgniter\Database\BaseBuilder->get()
#4 /mnt/HDD/FilesSharing/apteka/back/vendor/codeigniter4/framework/system/BaseModel.php(618): CodeIgniter\Model->doFindAll()
#5 /mnt/HDD/FilesSharing/apteka/back/app/Controllers/Categories.php(30): CodeIgniter\BaseModel->findAll()
#6 /mnt/HDD/FilesSharing/apteka/back/vendor/codeigniter4/framework/system/CodeIgniter.php(934): App\Controllers\Categories->index()
#7 /mnt/HDD/FilesSharing/apteka/back/vendor/codeigniter4/framework/system/CodeIgniter.php(499): CodeIgniter\CodeIgniter->runController()
#8 /mnt/HDD/FilesSharing/apteka/back/vendor/codeigniter4/framework/system/CodeIgniter.php(368): CodeIgniter\CodeIgniter->handleRequest()
#9 /mnt/HDD/FilesSharing/apteka/back/public/index.php(67): CodeIgniter\CodeIgniter->run()
#10 /mnt/HDD/FilesSharing/apteka/back/vendor/codeigniter4/framework/system/Commands/Server/rewrite.php(47): require_once('/mnt/HDD/FilesS...')
#11 {main}
CRITICAL - 2023-03-19 12:58:34 --> Unable to connect to the database.
Main connection [MySQLi]: Access denied for user '****'@'localhost'
in SYSTEMPATH/Database/BaseConnection.php on line 427.
 1 SYSTEMPATH/Database/BaseConnection.php(573): CodeIgniter\Database\BaseConnection->initialize()
 2 SYSTEMPATH/Database/BaseBuilder.php(1616): CodeIgniter\Database\BaseConnection->query()
 3 SYSTEMPATH/Model.php(241): CodeIgniter\Database\BaseBuilder->get()
 4 SYSTEMPATH/BaseModel.php(618): CodeIgniter\Model->doFindAll()
 5 APPPATH/Controllers/Categories.php(30): CodeIgniter\BaseModel->findAll()
 6 SYSTEMPATH/CodeIgniter.php(934): App\Controllers\Categories->index()
 7 SYSTEMPATH/CodeIgniter.php(499): CodeIgniter\CodeIgniter->runController()
 8 SYSTEMPATH/CodeIgniter.php(368): CodeIgniter\CodeIgniter->handleRequest()
 9 FCPATH/index.php(67): CodeIgniter\CodeIgniter->run()
10 SYSTEMPATH/Commands/Server/rewrite.php(47): require_once('FCPATH/index.php')
ERROR - 2023-03-19 13:03:30 --> Error connecting to the database: mysqli_sql_exception: Access denied for user 'root'@'localhost' in /mnt/HDD/FilesSharing/apteka/back/vendor/codeigniter4/framework/system/Database/MySQLi/Connection.php:174
Stack trace:
#0 /mnt/HDD/FilesSharing/apteka/back/vendor/codeigniter4/framework/system/Database/MySQLi/Connection.php(174): mysqli->real_connect()
#1 /mnt/HDD/FilesSharing/apteka/back/vendor/codeigniter4/framework/system/Database/BaseConnection.php(391): CodeIgniter\Database\MySQLi\Connection->connect()
#2 /mnt/HDD/FilesSharing/apteka/back/vendor/codeigniter4/framework/system/Database/BaseConnection.php(573): CodeIgniter\Database\BaseConnection->initialize()
#3 /mnt/HDD/FilesSharing/apteka/back/vendor/codeigniter4/framework/system/Database/BaseBuilder.php(1616): CodeIgniter\Database\BaseConnection->query()
#4 /mnt/HDD/FilesSharing/apteka/back/vendor/codeigniter4/framework/system/Model.php(241): CodeIgniter\Database\BaseBuilder->get()
#5 /mnt/HDD/FilesSharing/apteka/back/vendor/codeigniter4/framework/system/BaseModel.php(618): CodeIgniter\Model->doFindAll()
#6 /mnt/HDD/FilesSharing/apteka/back/app/Controllers/Categories.php(30): CodeIgniter\BaseModel->findAll()
#7 /mnt/HDD/FilesSharing/apteka/back/vendor/codeigniter4/framework/system/CodeIgniter.php(934): App\Controllers\Categories->index()
#8 /mnt/HDD/FilesSharing/apteka/back/vendor/codeigniter4/framework/system/CodeIgniter.php(499): CodeIgniter\CodeIgniter->runController()
#9 /mnt/HDD/FilesSharing/apteka/back/vendor/codeigniter4/framework/system/CodeIgniter.php(368): CodeIgniter\CodeIgniter->handleRequest()
#10 /mnt/HDD/FilesSharing/apteka/back/public/index.php(67): CodeIgniter\CodeIgniter->run()
#11 /mnt/HDD/FilesSharing/apteka/back/vendor/codeigniter4/framework/system/Commands/Server/rewrite.php(47): require_once('/mnt/HDD/FilesS...')
#12 {main}

Next CodeIgniter\Database\Exceptions\DatabaseException: Access denied for user '****'@'localhost' in /mnt/HDD/FilesSharing/apteka/back/vendor/codeigniter4/framework/system/Database/MySQLi/Connection.php:218
Stack trace:
#0 /mnt/HDD/FilesSharing/apteka/back/vendor/codeigniter4/framework/system/Database/BaseConnection.php(391): CodeIgniter\Database\MySQLi\Connection->connect()
#1 /mnt/HDD/FilesSharing/apteka/back/vendor/codeigniter4/framework/system/Database/BaseConnection.php(573): CodeIgniter\Database\BaseConnection->initialize()
#2 /mnt/HDD/FilesSharing/apteka/back/vendor/codeigniter4/framework/system/Database/BaseBuilder.php(1616): CodeIgniter\Database\BaseConnection->query()
#3 /mnt/HDD/FilesSharing/apteka/back/vendor/codeigniter4/framework/system/Model.php(241): CodeIgniter\Database\BaseBuilder->get()
#4 /mnt/HDD/FilesSharing/apteka/back/vendor/codeigniter4/framework/system/BaseModel.php(618): CodeIgniter\Model->doFindAll()
#5 /mnt/HDD/FilesSharing/apteka/back/app/Controllers/Categories.php(30): CodeIgniter\BaseModel->findAll()
#6 /mnt/HDD/FilesSharing/apteka/back/vendor/codeigniter4/framework/system/CodeIgniter.php(934): App\Controllers\Categories->index()
#7 /mnt/HDD/FilesSharing/apteka/back/vendor/codeigniter4/framework/system/CodeIgniter.php(499): CodeIgniter\CodeIgniter->runController()
#8 /mnt/HDD/FilesSharing/apteka/back/vendor/codeigniter4/framework/system/CodeIgniter.php(368): CodeIgniter\CodeIgniter->handleRequest()
#9 /mnt/HDD/FilesSharing/apteka/back/public/index.php(67): CodeIgniter\CodeIgniter->run()
#10 /mnt/HDD/FilesSharing/apteka/back/vendor/codeigniter4/framework/system/Commands/Server/rewrite.php(47): require_once('/mnt/HDD/FilesS...')
#11 {main}
CRITICAL - 2023-03-19 13:03:30 --> Unable to connect to the database.
Main connection [MySQLi]: Access denied for user '****'@'localhost'
in SYSTEMPATH/Database/BaseConnection.php on line 427.
 1 SYSTEMPATH/Database/BaseConnection.php(573): CodeIgniter\Database\BaseConnection->initialize()
 2 SYSTEMPATH/Database/BaseBuilder.php(1616): CodeIgniter\Database\BaseConnection->query()
 3 SYSTEMPATH/Model.php(241): CodeIgniter\Database\BaseBuilder->get()
 4 SYSTEMPATH/BaseModel.php(618): CodeIgniter\Model->doFindAll()
 5 APPPATH/Controllers/Categories.php(30): CodeIgniter\BaseModel->findAll()
 6 SYSTEMPATH/CodeIgniter.php(934): App\Controllers\Categories->index()
 7 SYSTEMPATH/CodeIgniter.php(499): CodeIgniter\CodeIgniter->runController()
 8 SYSTEMPATH/CodeIgniter.php(368): CodeIgniter\CodeIgniter->handleRequest()
 9 FCPATH/index.php(67): CodeIgniter\CodeIgniter->run()
10 SYSTEMPATH/Commands/Server/rewrite.php(47): require_once('FCPATH/index.php')
ERROR - 2023-03-19 13:03:32 --> Error connecting to the database: mysqli_sql_exception: Access denied for user 'root'@'localhost' in /mnt/HDD/FilesSharing/apteka/back/vendor/codeigniter4/framework/system/Database/MySQLi/Connection.php:174
Stack trace:
#0 /mnt/HDD/FilesSharing/apteka/back/vendor/codeigniter4/framework/system/Database/MySQLi/Connection.php(174): mysqli->real_connect()
#1 /mnt/HDD/FilesSharing/apteka/back/vendor/codeigniter4/framework/system/Database/BaseConnection.php(391): CodeIgniter\Database\MySQLi\Connection->connect()
#2 /mnt/HDD/FilesSharing/apteka/back/vendor/codeigniter4/framework/system/Database/BaseConnection.php(573): CodeIgniter\Database\BaseConnection->initialize()
#3 /mnt/HDD/FilesSharing/apteka/back/vendor/codeigniter4/framework/system/Database/BaseBuilder.php(1616): CodeIgniter\Database\BaseConnection->query()
#4 /mnt/HDD/FilesSharing/apteka/back/vendor/codeigniter4/framework/system/Model.php(241): CodeIgniter\Database\BaseBuilder->get()
#5 /mnt/HDD/FilesSharing/apteka/back/vendor/codeigniter4/framework/system/BaseModel.php(618): CodeIgniter\Model->doFindAll()
#6 /mnt/HDD/FilesSharing/apteka/back/app/Controllers/Categories.php(30): CodeIgniter\BaseModel->findAll()
#7 /mnt/HDD/FilesSharing/apteka/back/vendor/codeigniter4/framework/system/CodeIgniter.php(934): App\Controllers\Categories->index()
#8 /mnt/HDD/FilesSharing/apteka/back/vendor/codeigniter4/framework/system/CodeIgniter.php(499): CodeIgniter\CodeIgniter->runController()
#9 /mnt/HDD/FilesSharing/apteka/back/vendor/codeigniter4/framework/system/CodeIgniter.php(368): CodeIgniter\CodeIgniter->handleRequest()
#10 /mnt/HDD/FilesSharing/apteka/back/public/index.php(67): CodeIgniter\CodeIgniter->run()
#11 /mnt/HDD/FilesSharing/apteka/back/vendor/codeigniter4/framework/system/Commands/Server/rewrite.php(47): require_once('/mnt/HDD/FilesS...')
#12 {main}

Next CodeIgniter\Database\Exceptions\DatabaseException: Access denied for user '****'@'localhost' in /mnt/HDD/FilesSharing/apteka/back/vendor/codeigniter4/framework/system/Database/MySQLi/Connection.php:218
Stack trace:
#0 /mnt/HDD/FilesSharing/apteka/back/vendor/codeigniter4/framework/system/Database/BaseConnection.php(391): CodeIgniter\Database\MySQLi\Connection->connect()
#1 /mnt/HDD/FilesSharing/apteka/back/vendor/codeigniter4/framework/system/Database/BaseConnection.php(573): CodeIgniter\Database\BaseConnection->initialize()
#2 /mnt/HDD/FilesSharing/apteka/back/vendor/codeigniter4/framework/system/Database/BaseBuilder.php(1616): CodeIgniter\Database\BaseConnection->query()
#3 /mnt/HDD/FilesSharing/apteka/back/vendor/codeigniter4/framework/system/Model.php(241): CodeIgniter\Database\BaseBuilder->get()
#4 /mnt/HDD/FilesSharing/apteka/back/vendor/codeigniter4/framework/system/BaseModel.php(618): CodeIgniter\Model->doFindAll()
#5 /mnt/HDD/FilesSharing/apteka/back/app/Controllers/Categories.php(30): CodeIgniter\BaseModel->findAll()
#6 /mnt/HDD/FilesSharing/apteka/back/vendor/codeigniter4/framework/system/CodeIgniter.php(934): App\Controllers\Categories->index()
#7 /mnt/HDD/FilesSharing/apteka/back/vendor/codeigniter4/framework/system/CodeIgniter.php(499): CodeIgniter\CodeIgniter->runController()
#8 /mnt/HDD/FilesSharing/apteka/back/vendor/codeigniter4/framework/system/CodeIgniter.php(368): CodeIgniter\CodeIgniter->handleRequest()
#9 /mnt/HDD/FilesSharing/apteka/back/public/index.php(67): CodeIgniter\CodeIgniter->run()
#10 /mnt/HDD/FilesSharing/apteka/back/vendor/codeigniter4/framework/system/Commands/Server/rewrite.php(47): require_once('/mnt/HDD/FilesS...')
#11 {main}
CRITICAL - 2023-03-19 13:03:32 --> Unable to connect to the database.
Main connection [MySQLi]: Access denied for user '****'@'localhost'
in SYSTEMPATH/Database/BaseConnection.php on line 427.
 1 SYSTEMPATH/Database/BaseConnection.php(573): CodeIgniter\Database\BaseConnection->initialize()
 2 SYSTEMPATH/Database/BaseBuilder.php(1616): CodeIgniter\Database\BaseConnection->query()
 3 SYSTEMPATH/Model.php(241): CodeIgniter\Database\BaseBuilder->get()
 4 SYSTEMPATH/BaseModel.php(618): CodeIgniter\Model->doFindAll()
 5 APPPATH/Controllers/Categories.php(30): CodeIgniter\BaseModel->findAll()
 6 SYSTEMPATH/CodeIgniter.php(934): App\Controllers\Categories->index()
 7 SYSTEMPATH/CodeIgniter.php(499): CodeIgniter\CodeIgniter->runController()
 8 SYSTEMPATH/CodeIgniter.php(368): CodeIgniter\CodeIgniter->handleRequest()
 9 FCPATH/index.php(67): CodeIgniter\CodeIgniter->run()
10 SYSTEMPATH/Commands/Server/rewrite.php(47): require_once('FCPATH/index.php')
ERROR - 2023-03-19 13:05:49 --> Error connecting to the database: mysqli_sql_exception: Access denied for user 'root'@'localhost' (using password: YES) in /mnt/HDD/FilesSharing/apteka/back/vendor/codeigniter4/framework/system/Database/MySQLi/Connection.php:174
Stack trace:
#0 /mnt/HDD/FilesSharing/apteka/back/vendor/codeigniter4/framework/system/Database/MySQLi/Connection.php(174): mysqli->real_connect()
#1 /mnt/HDD/FilesSharing/apteka/back/vendor/codeigniter4/framework/system/Database/BaseConnection.php(391): CodeIgniter\Database\MySQLi\Connection->connect()
#2 /mnt/HDD/FilesSharing/apteka/back/vendor/codeigniter4/framework/system/Database/BaseConnection.php(573): CodeIgniter\Database\BaseConnection->initialize()
#3 /mnt/HDD/FilesSharing/apteka/back/vendor/codeigniter4/framework/system/Database/BaseBuilder.php(1616): CodeIgniter\Database\BaseConnection->query()
#4 /mnt/HDD/FilesSharing/apteka/back/vendor/codeigniter4/framework/system/Model.php(241): CodeIgniter\Database\BaseBuilder->get()
#5 /mnt/HDD/FilesSharing/apteka/back/vendor/codeigniter4/framework/system/BaseModel.php(618): CodeIgniter\Model->doFindAll()
#6 /mnt/HDD/FilesSharing/apteka/back/app/Controllers/Categories.php(30): CodeIgniter\BaseModel->findAll()
#7 /mnt/HDD/FilesSharing/apteka/back/vendor/codeigniter4/framework/system/CodeIgniter.php(934): App\Controllers\Categories->index()
#8 /mnt/HDD/FilesSharing/apteka/back/vendor/codeigniter4/framework/system/CodeIgniter.php(499): CodeIgniter\CodeIgniter->runController()
#9 /mnt/HDD/FilesSharing/apteka/back/vendor/codeigniter4/framework/system/CodeIgniter.php(368): CodeIgniter\CodeIgniter->handleRequest()
#10 /mnt/HDD/FilesSharing/apteka/back/public/index.php(67): CodeIgniter\CodeIgniter->run()
#11 /mnt/HDD/FilesSharing/apteka/back/vendor/codeigniter4/framework/system/Commands/Server/rewrite.php(47): require_once('/mnt/HDD/FilesS...')
#12 {main}

Next CodeIgniter\Database\Exceptions\DatabaseException: Access denied for user '****'@'localhost' (using password: YES) in /mnt/HDD/FilesSharing/apteka/back/vendor/codeigniter4/framework/system/Database/MySQLi/Connection.php:218
Stack trace:
#0 /mnt/HDD/FilesSharing/apteka/back/vendor/codeigniter4/framework/system/Database/BaseConnection.php(391): CodeIgniter\Database\MySQLi\Connection->connect()
#1 /mnt/HDD/FilesSharing/apteka/back/vendor/codeigniter4/framework/system/Database/BaseConnection.php(573): CodeIgniter\Database\BaseConnection->initialize()
#2 /mnt/HDD/FilesSharing/apteka/back/vendor/codeigniter4/framework/system/Database/BaseBuilder.php(1616): CodeIgniter\Database\BaseConnection->query()
#3 /mnt/HDD/FilesSharing/apteka/back/vendor/codeigniter4/framework/system/Model.php(241): CodeIgniter\Database\BaseBuilder->get()
#4 /mnt/HDD/FilesSharing/apteka/back/vendor/codeigniter4/framework/system/BaseModel.php(618): CodeIgniter\Model->doFindAll()
#5 /mnt/HDD/FilesSharing/apteka/back/app/Controllers/Categories.php(30): CodeIgniter\BaseModel->findAll()
#6 /mnt/HDD/FilesSharing/apteka/back/vendor/codeigniter4/framework/system/CodeIgniter.php(934): App\Controllers\Categories->index()
#7 /mnt/HDD/FilesSharing/apteka/back/vendor/codeigniter4/framework/system/CodeIgniter.php(499): CodeIgniter\CodeIgniter->runController()
#8 /mnt/HDD/FilesSharing/apteka/back/vendor/codeigniter4/framework/system/CodeIgniter.php(368): CodeIgniter\CodeIgniter->handleRequest()
#9 /mnt/HDD/FilesSharing/apteka/back/public/index.php(67): CodeIgniter\CodeIgniter->run()
#10 /mnt/HDD/FilesSharing/apteka/back/vendor/codeigniter4/framework/system/Commands/Server/rewrite.php(47): require_once('/mnt/HDD/FilesS...')
#11 {main}
CRITICAL - 2023-03-19 13:05:49 --> Unable to connect to the database.
Main connection [MySQLi]: Access denied for user '****'@'localhost' (using password: YES)
in SYSTEMPATH/Database/BaseConnection.php on line 427.
 1 SYSTEMPATH/Database/BaseConnection.php(573): CodeIgniter\Database\BaseConnection->initialize()
 2 SYSTEMPATH/Database/BaseBuilder.php(1616): CodeIgniter\Database\BaseConnection->query()
 3 SYSTEMPATH/Model.php(241): CodeIgniter\Database\BaseBuilder->get()
 4 SYSTEMPATH/BaseModel.php(618): CodeIgniter\Model->doFindAll()
 5 APPPATH/Controllers/Categories.php(30): CodeIgniter\BaseModel->findAll()
 6 SYSTEMPATH/CodeIgniter.php(934): App\Controllers\Categories->index()
 7 SYSTEMPATH/CodeIgniter.php(499): CodeIgniter\CodeIgniter->runController()
 8 SYSTEMPATH/CodeIgniter.php(368): CodeIgniter\CodeIgniter->handleRequest()
 9 FCPATH/index.php(67): CodeIgniter\CodeIgniter->run()
10 SYSTEMPATH/Commands/Server/rewrite.php(47): require_once('FCPATH/index.php')
CRITICAL - 2023-03-19 15:28:57 --> Call to a member function get() on null
in APPPATH/Config/Routes.php on line 39.
 1 SYSTEMPATH/Router/RouteCollection.php(267): require()
 2 SYSTEMPATH/CodeIgniter.php(802): CodeIgniter\Router\RouteCollection->loadRoutes()
 3 SYSTEMPATH/CodeIgniter.php(449): CodeIgniter\CodeIgniter->tryToRouteIt()
 4 SYSTEMPATH/CodeIgniter.php(368): CodeIgniter\CodeIgniter->handleRequest()
 5 FCPATH/index.php(67): CodeIgniter\CodeIgniter->run()
 6 SYSTEMPATH/Commands/Server/rewrite.php(47): require_once('FCPATH/index.php')
CRITICAL - 2023-03-19 15:29:06 --> Call to a member function get() on null
in APPPATH/Config/Routes.php on line 39.
 1 SYSTEMPATH/Router/RouteCollection.php(267): require()
 2 SYSTEMPATH/CodeIgniter.php(802): CodeIgniter\Router\RouteCollection->loadRoutes()
 3 SYSTEMPATH/CodeIgniter.php(449): CodeIgniter\CodeIgniter->tryToRouteIt()
 4 SYSTEMPATH/CodeIgniter.php(368): CodeIgniter\CodeIgniter->handleRequest()
 5 FCPATH/index.php(67): CodeIgniter\CodeIgniter->run()
 6 SYSTEMPATH/Commands/Server/rewrite.php(47): require_once('FCPATH/index.php')
CRITICAL - 2023-03-19 15:29:17 --> Call to a member function resource() on null
in APPPATH/Config/Routes.php on line 39.
 1 SYSTEMPATH/Router/RouteCollection.php(267): require()
 2 SYSTEMPATH/CodeIgniter.php(802): CodeIgniter\Router\RouteCollection->loadRoutes()
 3 SYSTEMPATH/CodeIgniter.php(449): CodeIgniter\CodeIgniter->tryToRouteIt()
 4 SYSTEMPATH/CodeIgniter.php(368): CodeIgniter\CodeIgniter->handleRequest()
 5 FCPATH/index.php(67): CodeIgniter\CodeIgniter->run()
 6 SYSTEMPATH/Commands/Server/rewrite.php(47): require_once('FCPATH/index.php')
ERROR - 2023-03-19 17:08:24 --> mysqli_sql_exception: Column 'name' in field list is ambiguous in /mnt/HDD/FilesSharing/apteka/back/vendor/codeigniter4/framework/system/Database/MySQLi/Connection.php:295
Stack trace:
#0 /mnt/HDD/FilesSharing/apteka/back/vendor/codeigniter4/framework/system/Database/MySQLi/Connection.php(295): mysqli->query()
#1 /mnt/HDD/FilesSharing/apteka/back/vendor/codeigniter4/framework/system/Database/BaseConnection.php(691): CodeIgniter\Database\MySQLi\Connection->execute()
#2 /mnt/HDD/FilesSharing/apteka/back/vendor/codeigniter4/framework/system/Database/BaseConnection.php(605): CodeIgniter\Database\BaseConnection->simpleQuery()
#3 /mnt/HDD/FilesSharing/apteka/back/vendor/codeigniter4/framework/system/Database/BaseBuilder.php(1616): CodeIgniter\Database\BaseConnection->query()
#4 /mnt/HDD/FilesSharing/apteka/back/vendor/codeigniter4/framework/system/Model.php(241): CodeIgniter\Database\BaseBuilder->get()
#5 /mnt/HDD/FilesSharing/apteka/back/vendor/codeigniter4/framework/system/BaseModel.php(618): CodeIgniter\Model->doFindAll()
#6 /mnt/HDD/FilesSharing/apteka/back/app/Controllers/Products.php(41): CodeIgniter\BaseModel->findAll()
#7 /mnt/HDD/FilesSharing/apteka/back/vendor/codeigniter4/framework/system/CodeIgniter.php(934): App\Controllers\Products->getProductsByCategoryId()
#8 /mnt/HDD/FilesSharing/apteka/back/vendor/codeigniter4/framework/system/CodeIgniter.php(499): CodeIgniter\CodeIgniter->runController()
#9 /mnt/HDD/FilesSharing/apteka/back/vendor/codeigniter4/framework/system/CodeIgniter.php(368): CodeIgniter\CodeIgniter->handleRequest()
#10 /mnt/HDD/FilesSharing/apteka/back/public/index.php(67): CodeIgniter\CodeIgniter->run()
#11 /mnt/HDD/FilesSharing/apteka/back/vendor/codeigniter4/framework/system/Commands/Server/rewrite.php(47): require_once('/mnt/HDD/FilesS...')
#12 {main}
CRITICAL - 2023-03-19 17:08:24 --> Column 'name' in field list is ambiguous
in SYSTEMPATH/Database/BaseConnection.php on line 645.
 1 SYSTEMPATH/Database/BaseBuilder.php(1616): CodeIgniter\Database\BaseConnection->query()
 2 SYSTEMPATH/Model.php(241): CodeIgniter\Database\BaseBuilder->get()
 3 SYSTEMPATH/BaseModel.php(618): CodeIgniter\Model->doFindAll()
 4 APPPATH/Controllers/Products.php(41): CodeIgniter\BaseModel->findAll()
 5 SYSTEMPATH/CodeIgniter.php(934): App\Controllers\Products->getProductsByCategoryId()
 6 SYSTEMPATH/CodeIgniter.php(499): CodeIgniter\CodeIgniter->runController()
 7 SYSTEMPATH/CodeIgniter.php(368): CodeIgniter\CodeIgniter->handleRequest()
 8 FCPATH/index.php(67): CodeIgniter\CodeIgniter->run()
 9 SYSTEMPATH/Commands/Server/rewrite.php(47): require_once('FCPATH/index.php')
ERROR - 2023-03-19 17:08:31 --> mysqli_sql_exception: Column 'name' in field list is ambiguous in /mnt/HDD/FilesSharing/apteka/back/vendor/codeigniter4/framework/system/Database/MySQLi/Connection.php:295
Stack trace:
#0 /mnt/HDD/FilesSharing/apteka/back/vendor/codeigniter4/framework/system/Database/MySQLi/Connection.php(295): mysqli->query()
#1 /mnt/HDD/FilesSharing/apteka/back/vendor/codeigniter4/framework/system/Database/BaseConnection.php(691): CodeIgniter\Database\MySQLi\Connection->execute()
#2 /mnt/HDD/FilesSharing/apteka/back/vendor/codeigniter4/framework/system/Database/BaseConnection.php(605): CodeIgniter\Database\BaseConnection->simpleQuery()
#3 /mnt/HDD/FilesSharing/apteka/back/vendor/codeigniter4/framework/system/Database/BaseBuilder.php(1616): CodeIgniter\Database\BaseConnection->query()
#4 /mnt/HDD/FilesSharing/apteka/back/vendor/codeigniter4/framework/system/Model.php(241): CodeIgniter\Database\BaseBuilder->get()
#5 /mnt/HDD/FilesSharing/apteka/back/vendor/codeigniter4/framework/system/BaseModel.php(618): CodeIgniter\Model->doFindAll()
#6 /mnt/HDD/FilesSharing/apteka/back/app/Controllers/Products.php(41): CodeIgniter\BaseModel->findAll()
#7 /mnt/HDD/FilesSharing/apteka/back/vendor/codeigniter4/framework/system/CodeIgniter.php(934): App\Controllers\Products->getProductsByCategoryId()
#8 /mnt/HDD/FilesSharing/apteka/back/vendor/codeigniter4/framework/system/CodeIgniter.php(499): CodeIgniter\CodeIgniter->runController()
#9 /mnt/HDD/FilesSharing/apteka/back/vendor/codeigniter4/framework/system/CodeIgniter.php(368): CodeIgniter\CodeIgniter->handleRequest()
#10 /mnt/HDD/FilesSharing/apteka/back/public/index.php(67): CodeIgniter\CodeIgniter->run()
#11 /mnt/HDD/FilesSharing/apteka/back/vendor/codeigniter4/framework/system/Commands/Server/rewrite.php(47): require_once('/mnt/HDD/FilesS...')
#12 {main}
CRITICAL - 2023-03-19 17:08:31 --> Column 'name' in field list is ambiguous
in SYSTEMPATH/Database/BaseConnection.php on line 645.
 1 SYSTEMPATH/Database/BaseBuilder.php(1616): CodeIgniter\Database\BaseConnection->query()
 2 SYSTEMPATH/Model.php(241): CodeIgniter\Database\BaseBuilder->get()
 3 SYSTEMPATH/BaseModel.php(618): CodeIgniter\Model->doFindAll()
 4 APPPATH/Controllers/Products.php(41): CodeIgniter\BaseModel->findAll()
 5 SYSTEMPATH/CodeIgniter.php(934): App\Controllers\Products->getProductsByCategoryId()
 6 SYSTEMPATH/CodeIgniter.php(499): CodeIgniter\CodeIgniter->runController()
 7 SYSTEMPATH/CodeIgniter.php(368): CodeIgniter\CodeIgniter->handleRequest()
 8 FCPATH/index.php(67): CodeIgniter\CodeIgniter->run()
 9 SYSTEMPATH/Commands/Server/rewrite.php(47): require_once('FCPATH/index.php')
ERROR - 2023-03-19 17:08:45 --> mysqli_sql_exception: Column 'ID_category' in field list is ambiguous in /mnt/HDD/FilesSharing/apteka/back/vendor/codeigniter4/framework/system/Database/MySQLi/Connection.php:295
Stack trace:
#0 /mnt/HDD/FilesSharing/apteka/back/vendor/codeigniter4/framework/system/Database/MySQLi/Connection.php(295): mysqli->query()
#1 /mnt/HDD/FilesSharing/apteka/back/vendor/codeigniter4/framework/system/Database/BaseConnection.php(691): CodeIgniter\Database\MySQLi\Connection->execute()
#2 /mnt/HDD/FilesSharing/apteka/back/vendor/codeigniter4/framework/system/Database/BaseConnection.php(605): CodeIgniter\Database\BaseConnection->simpleQuery()
#3 /mnt/HDD/FilesSharing/apteka/back/vendor/codeigniter4/framework/system/Database/BaseBuilder.php(1616): CodeIgniter\Database\BaseConnection->query()
#4 /mnt/HDD/FilesSharing/apteka/back/vendor/codeigniter4/framework/system/Model.php(241): CodeIgniter\Database\BaseBuilder->get()
#5 /mnt/HDD/FilesSharing/apteka/back/vendor/codeigniter4/framework/system/BaseModel.php(618): CodeIgniter\Model->doFindAll()
#6 /mnt/HDD/FilesSharing/apteka/back/app/Controllers/Products.php(41): CodeIgniter\BaseModel->findAll()
#7 /mnt/HDD/FilesSharing/apteka/back/vendor/codeigniter4/framework/system/CodeIgniter.php(934): App\Controllers\Products->getProductsByCategoryId()
#8 /mnt/HDD/FilesSharing/apteka/back/vendor/codeigniter4/framework/system/CodeIgniter.php(499): CodeIgniter\CodeIgniter->runController()
#9 /mnt/HDD/FilesSharing/apteka/back/vendor/codeigniter4/framework/system/CodeIgniter.php(368): CodeIgniter\CodeIgniter->handleRequest()
#10 /mnt/HDD/FilesSharing/apteka/back/public/index.php(67): CodeIgniter\CodeIgniter->run()
#11 /mnt/HDD/FilesSharing/apteka/back/vendor/codeigniter4/framework/system/Commands/Server/rewrite.php(47): require_once('/mnt/HDD/FilesS...')
#12 {main}
CRITICAL - 2023-03-19 17:08:45 --> Column 'ID_category' in field list is ambiguous
in SYSTEMPATH/Database/BaseConnection.php on line 645.
 1 SYSTEMPATH/Database/BaseBuilder.php(1616): CodeIgniter\Database\BaseConnection->query()
 2 SYSTEMPATH/Model.php(241): CodeIgniter\Database\BaseBuilder->get()
 3 SYSTEMPATH/BaseModel.php(618): CodeIgniter\Model->doFindAll()
 4 APPPATH/Controllers/Products.php(41): CodeIgniter\BaseModel->findAll()
 5 SYSTEMPATH/CodeIgniter.php(934): App\Controllers\Products->getProductsByCategoryId()
 6 SYSTEMPATH/CodeIgniter.php(499): CodeIgniter\CodeIgniter->runController()
 7 SYSTEMPATH/CodeIgniter.php(368): CodeIgniter\CodeIgniter->handleRequest()
 8 FCPATH/index.php(67): CodeIgniter\CodeIgniter->run()
 9 SYSTEMPATH/Commands/Server/rewrite.php(47): require_once('FCPATH/index.php')
ERROR - 2023-03-19 17:08:55 --> mysqli_sql_exception: Column 'ID_category' in where clause is ambiguous in /mnt/HDD/FilesSharing/apteka/back/vendor/codeigniter4/framework/system/Database/MySQLi/Connection.php:295
Stack trace:
#0 /mnt/HDD/FilesSharing/apteka/back/vendor/codeigniter4/framework/system/Database/MySQLi/Connection.php(295): mysqli->query()
#1 /mnt/HDD/FilesSharing/apteka/back/vendor/codeigniter4/framework/system/Database/BaseConnection.php(691): CodeIgniter\Database\MySQLi\Connection->execute()
#2 /mnt/HDD/FilesSharing/apteka/back/vendor/codeigniter4/framework/system/Database/BaseConnection.php(605): CodeIgniter\Database\BaseConnection->simpleQuery()
#3 /mnt/HDD/FilesSharing/apteka/back/vendor/codeigniter4/framework/system/Database/BaseBuilder.php(1616): CodeIgniter\Database\BaseConnection->query()
#4 /mnt/HDD/FilesSharing/apteka/back/vendor/codeigniter4/framework/system/Model.php(241): CodeIgniter\Database\BaseBuilder->get()
#5 /mnt/HDD/FilesSharing/apteka/back/vendor/codeigniter4/framework/system/BaseModel.php(618): CodeIgniter\Model->doFindAll()
#6 /mnt/HDD/FilesSharing/apteka/back/app/Controllers/Products.php(41): CodeIgniter\BaseModel->findAll()
#7 /mnt/HDD/FilesSharing/apteka/back/vendor/codeigniter4/framework/system/CodeIgniter.php(934): App\Controllers\Products->getProductsByCategoryId()
#8 /mnt/HDD/FilesSharing/apteka/back/vendor/codeigniter4/framework/system/CodeIgniter.php(499): CodeIgniter\CodeIgniter->runController()
#9 /mnt/HDD/FilesSharing/apteka/back/vendor/codeigniter4/framework/system/CodeIgniter.php(368): CodeIgniter\CodeIgniter->handleRequest()
#10 /mnt/HDD/FilesSharing/apteka/back/public/index.php(67): CodeIgniter\CodeIgniter->run()
#11 /mnt/HDD/FilesSharing/apteka/back/vendor/codeigniter4/framework/system/Commands/Server/rewrite.php(47): require_once('/mnt/HDD/FilesS...')
#12 {main}
CRITICAL - 2023-03-19 17:08:55 --> Column 'ID_category' in where clause is ambiguous
in SYSTEMPATH/Database/BaseConnection.php on line 645.
 1 SYSTEMPATH/Database/BaseBuilder.php(1616): CodeIgniter\Database\BaseConnection->query()
 2 SYSTEMPATH/Model.php(241): CodeIgniter\Database\BaseBuilder->get()
 3 SYSTEMPATH/BaseModel.php(618): CodeIgniter\Model->doFindAll()
 4 APPPATH/Controllers/Products.php(41): CodeIgniter\BaseModel->findAll()
 5 SYSTEMPATH/CodeIgniter.php(934): App\Controllers\Products->getProductsByCategoryId()
 6 SYSTEMPATH/CodeIgniter.php(499): CodeIgniter\CodeIgniter->runController()
 7 SYSTEMPATH/CodeIgniter.php(368): CodeIgniter\CodeIgniter->handleRequest()
 8 FCPATH/index.php(67): CodeIgniter\CodeIgniter->run()
 9 SYSTEMPATH/Commands/Server/rewrite.php(47): require_once('FCPATH/index.php')
