CRITICAL - 2023-03-11 09:59:56 --> Call to undefined method CodeIgniter\Router\RouteCollection::resourse()
in APPPATH/Config/Routes.php on line 35.
 1 SYSTEMPATH/Router/RouteCollection.php(676): CodeIgniter\Router\RouteCollection->Config\{closure}()
 2 APPPATH/Config/Routes.php(36): CodeIgniter\Router\RouteCollection->group()
 3 SYSTEMPATH/Router/RouteCollection.php(267): require('APPPATH/Config/Routes.php')
 4 SYSTEMPATH/CodeIgniter.php(802): CodeIgniter\Router\RouteCollection->loadRoutes()
 5 SYSTEMPATH/CodeIgniter.php(449): CodeIgniter\CodeIgniter->tryToRouteIt()
 6 SYSTEMPATH/CodeIgniter.php(368): CodeIgniter\CodeIgniter->handleRequest()
 7 FCPATH/index.php(67): CodeIgniter\CodeIgniter->run()
 8 SYSTEMPATH/Commands/Server/rewrite.php(47): require_once('FCPATH/index.php')
CRITICAL - 2023-03-11 10:00:07 --> Call to undefined method CodeIgniter\Router\RouteCollection::resourse()
in APPPATH/Config/Routes.php on line 35.
 1 SYSTEMPATH/Router/RouteCollection.php(676): CodeIgniter\Router\RouteCollection->Config\{closure}()
 2 APPPATH/Config/Routes.php(36): CodeIgniter\Router\RouteCollection->group()
 3 SYSTEMPATH/Router/RouteCollection.php(267): require('APPPATH/Config/Routes.php')
 4 SYSTEMPATH/CodeIgniter.php(802): CodeIgniter\Router\RouteCollection->loadRoutes()
 5 SYSTEMPATH/CodeIgniter.php(449): CodeIgniter\CodeIgniter->tryToRouteIt()
 6 SYSTEMPATH/CodeIgniter.php(368): CodeIgniter\CodeIgniter->handleRequest()
 7 FCPATH/index.php(67): CodeIgniter\CodeIgniter->run()
 8 SYSTEMPATH/Commands/Server/rewrite.php(47): require_once('FCPATH/index.php')
CRITICAL - 2023-03-11 10:00:42 --> Call to undefined method CodeIgniter\Router\RouteCollection::resourse()
in APPPATH/Config/Routes.php on line 35.
 1 SYSTEMPATH/Router/RouteCollection.php(676): CodeIgniter\Router\RouteCollection->Config\{closure}()
 2 APPPATH/Config/Routes.php(36): CodeIgniter\Router\RouteCollection->group()
 3 SYSTEMPATH/Router/RouteCollection.php(267): require('APPPATH/Config/Routes.php')
 4 SYSTEMPATH/CodeIgniter.php(802): CodeIgniter\Router\RouteCollection->loadRoutes()
 5 SYSTEMPATH/CodeIgniter.php(449): CodeIgniter\CodeIgniter->tryToRouteIt()
 6 SYSTEMPATH/CodeIgniter.php(368): CodeIgniter\CodeIgniter->handleRequest()
 7 FCPATH/index.php(67): CodeIgniter\CodeIgniter->run()
 8 SYSTEMPATH/Commands/Server/rewrite.php(47): require_once('FCPATH/index.php')
CRITICAL - 2023-03-11 10:12:43 --> Use of undefined constant MYSQLI_STORE_RESULT - assumed 'MYSQLI_STORE_RESULT' (this will throw an Error in a future version of PHP)
in SYSTEMPATH/Database/Database.php on line 139.
 1 SYSTEMPATH/Database/Database.php(139): CodeIgniter\Debug\Exceptions->errorHandler()
 2 SYSTEMPATH/Database/Database.php(56): CodeIgniter\Database\Database->initDriver()
 3 SYSTEMPATH/Database/Config.php(82): CodeIgniter\Database\Database->load()
 4 SYSTEMPATH/Model.php(155): CodeIgniter\Database\Config::connect()
 5 APPPATH/Controllers/Categories.php(20): CodeIgniter\Model->__construct()
 6 SYSTEMPATH/CodeIgniter.php(906): App\Controllers\Categories->__construct()
 7 SYSTEMPATH/CodeIgniter.php(490): CodeIgniter\CodeIgniter->createController()
 8 SYSTEMPATH/CodeIgniter.php(368): CodeIgniter\CodeIgniter->handleRequest()
 9 FCPATH/index.php(67): CodeIgniter\CodeIgniter->run()
10 SYSTEMPATH/Commands/Server/rewrite.php(47): require_once('FCPATH/index.php')
CRITICAL - 2023-03-11 10:12:51 --> Use of undefined constant MYSQLI_STORE_RESULT - assumed 'MYSQLI_STORE_RESULT' (this will throw an Error in a future version of PHP)
in SYSTEMPATH/Database/Database.php on line 139.
 1 SYSTEMPATH/Database/Database.php(139): CodeIgniter\Debug\Exceptions->errorHandler()
 2 SYSTEMPATH/Database/Database.php(56): CodeIgniter\Database\Database->initDriver()
 3 SYSTEMPATH/Database/Config.php(82): CodeIgniter\Database\Database->load()
 4 SYSTEMPATH/Model.php(155): CodeIgniter\Database\Config::connect()
 5 APPPATH/Controllers/Categories.php(20): CodeIgniter\Model->__construct()
 6 SYSTEMPATH/CodeIgniter.php(906): App\Controllers\Categories->__construct()
 7 SYSTEMPATH/CodeIgniter.php(490): CodeIgniter\CodeIgniter->createController()
 8 SYSTEMPATH/CodeIgniter.php(368): CodeIgniter\CodeIgniter->handleRequest()
 9 FCPATH/index.php(67): CodeIgniter\CodeIgniter->run()
10 SYSTEMPATH/Commands/Server/rewrite.php(47): require_once('FCPATH/index.php')
CRITICAL - 2023-03-11 10:13:02 --> Use of undefined constant MYSQLI_STORE_RESULT - assumed 'MYSQLI_STORE_RESULT' (this will throw an Error in a future version of PHP)
in SYSTEMPATH/Database/Database.php on line 139.
 1 SYSTEMPATH/Database/Database.php(139): CodeIgniter\Debug\Exceptions->errorHandler()
 2 SYSTEMPATH/Database/Database.php(56): CodeIgniter\Database\Database->initDriver()
 3 SYSTEMPATH/Database/Config.php(82): CodeIgniter\Database\Database->load()
 4 SYSTEMPATH/Model.php(155): CodeIgniter\Database\Config::connect()
 5 APPPATH/Controllers/Categories.php(20): CodeIgniter\Model->__construct()
 6 SYSTEMPATH/CodeIgniter.php(906): App\Controllers\Categories->__construct()
 7 SYSTEMPATH/CodeIgniter.php(490): CodeIgniter\CodeIgniter->createController()
 8 SYSTEMPATH/CodeIgniter.php(368): CodeIgniter\CodeIgniter->handleRequest()
 9 FCPATH/index.php(67): CodeIgniter\CodeIgniter->run()
10 SYSTEMPATH/Commands/Server/rewrite.php(47): require_once('FCPATH/index.php')
CRITICAL - 2023-03-11 10:13:21 --> Use of undefined constant MYSQLI_STORE_RESULT - assumed 'MYSQLI_STORE_RESULT' (this will throw an Error in a future version of PHP)
in SYSTEMPATH/Database/Database.php on line 139.
 1 SYSTEMPATH/Database/Database.php(139): CodeIgniter\Debug\Exceptions->errorHandler()
 2 SYSTEMPATH/Database/Database.php(56): CodeIgniter\Database\Database->initDriver()
 3 SYSTEMPATH/Database/Config.php(82): CodeIgniter\Database\Database->load()
 4 SYSTEMPATH/Model.php(155): CodeIgniter\Database\Config::connect()
 5 APPPATH/Controllers/Categories.php(20): CodeIgniter\Model->__construct()
 6 SYSTEMPATH/CodeIgniter.php(906): App\Controllers\Categories->__construct()
 7 SYSTEMPATH/CodeIgniter.php(490): CodeIgniter\CodeIgniter->createController()
 8 SYSTEMPATH/CodeIgniter.php(368): CodeIgniter\CodeIgniter->handleRequest()
 9 FCPATH/index.php(67): CodeIgniter\CodeIgniter->run()
10 SYSTEMPATH/Commands/Server/rewrite.php(47): require_once('FCPATH/index.php')
CRITICAL - 2023-03-11 10:13:44 --> Use of undefined constant MYSQLI_STORE_RESULT - assumed 'MYSQLI_STORE_RESULT' (this will throw an Error in a future version of PHP)
in SYSTEMPATH/Database/Database.php on line 139.
 1 SYSTEMPATH/Database/Database.php(139): CodeIgniter\Debug\Exceptions->errorHandler()
 2 SYSTEMPATH/Database/Database.php(56): CodeIgniter\Database\Database->initDriver()
 3 SYSTEMPATH/Database/Config.php(82): CodeIgniter\Database\Database->load()
 4 SYSTEMPATH/Model.php(155): CodeIgniter\Database\Config::connect()
 5 APPPATH/Controllers/Categories.php(20): CodeIgniter\Model->__construct()
 6 SYSTEMPATH/CodeIgniter.php(906): App\Controllers\Categories->__construct()
 7 SYSTEMPATH/CodeIgniter.php(490): CodeIgniter\CodeIgniter->createController()
 8 SYSTEMPATH/CodeIgniter.php(368): CodeIgniter\CodeIgniter->handleRequest()
 9 FCPATH/index.php(67): CodeIgniter\CodeIgniter->run()
10 SYSTEMPATH/Commands/Server/rewrite.php(47): require_once('FCPATH/index.php')
CRITICAL - 2023-03-11 10:13:50 --> Use of undefined constant MYSQLI_STORE_RESULT - assumed 'MYSQLI_STORE_RESULT' (this will throw an Error in a future version of PHP)
in SYSTEMPATH/Database/Database.php on line 139.
 1 SYSTEMPATH/Database/Database.php(139): CodeIgniter\Debug\Exceptions->errorHandler()
 2 SYSTEMPATH/Database/Database.php(56): CodeIgniter\Database\Database->initDriver()
 3 SYSTEMPATH/Database/Config.php(82): CodeIgniter\Database\Database->load()
 4 SYSTEMPATH/Model.php(155): CodeIgniter\Database\Config::connect()
 5 APPPATH/Controllers/Categories.php(20): CodeIgniter\Model->__construct()
 6 SYSTEMPATH/CodeIgniter.php(906): App\Controllers\Categories->__construct()
 7 SYSTEMPATH/CodeIgniter.php(490): CodeIgniter\CodeIgniter->createController()
 8 SYSTEMPATH/CodeIgniter.php(368): CodeIgniter\CodeIgniter->handleRequest()
 9 FCPATH/index.php(67): CodeIgniter\CodeIgniter->run()
10 SYSTEMPATH/Commands/Server/rewrite.php(47): require_once('FCPATH/index.php')
CRITICAL - 2023-03-11 10:13:52 --> Use of undefined constant MYSQLI_STORE_RESULT - assumed 'MYSQLI_STORE_RESULT' (this will throw an Error in a future version of PHP)
in SYSTEMPATH/Database/Database.php on line 139.
 1 SYSTEMPATH/Database/Database.php(139): CodeIgniter\Debug\Exceptions->errorHandler()
 2 SYSTEMPATH/Database/Database.php(56): CodeIgniter\Database\Database->initDriver()
 3 SYSTEMPATH/Database/Config.php(82): CodeIgniter\Database\Database->load()
 4 SYSTEMPATH/Model.php(155): CodeIgniter\Database\Config::connect()
 5 APPPATH/Controllers/Categories.php(20): CodeIgniter\Model->__construct()
 6 SYSTEMPATH/CodeIgniter.php(906): App\Controllers\Categories->__construct()
 7 SYSTEMPATH/CodeIgniter.php(490): CodeIgniter\CodeIgniter->createController()
 8 SYSTEMPATH/CodeIgniter.php(368): CodeIgniter\CodeIgniter->handleRequest()
 9 FCPATH/index.php(67): CodeIgniter\CodeIgniter->run()
10 SYSTEMPATH/Commands/Server/rewrite.php(47): require_once('FCPATH/index.php')
CRITICAL - 2023-03-11 10:13:52 --> Use of undefined constant MYSQLI_STORE_RESULT - assumed 'MYSQLI_STORE_RESULT' (this will throw an Error in a future version of PHP)
in SYSTEMPATH/Database/Database.php on line 139.
 1 SYSTEMPATH/Database/Database.php(139): CodeIgniter\Debug\Exceptions->errorHandler()
 2 SYSTEMPATH/Database/Database.php(56): CodeIgniter\Database\Database->initDriver()
 3 SYSTEMPATH/Database/Config.php(82): CodeIgniter\Database\Database->load()
 4 SYSTEMPATH/Model.php(155): CodeIgniter\Database\Config::connect()
 5 APPPATH/Controllers/Categories.php(20): CodeIgniter\Model->__construct()
 6 SYSTEMPATH/CodeIgniter.php(906): App\Controllers\Categories->__construct()
 7 SYSTEMPATH/CodeIgniter.php(490): CodeIgniter\CodeIgniter->createController()
 8 SYSTEMPATH/CodeIgniter.php(368): CodeIgniter\CodeIgniter->handleRequest()
 9 FCPATH/index.php(67): CodeIgniter\CodeIgniter->run()
10 SYSTEMPATH/Commands/Server/rewrite.php(47): require_once('FCPATH/index.php')
CRITICAL - 2023-03-11 10:15:52 --> Use of undefined constant MYSQLI_STORE_RESULT - assumed 'MYSQLI_STORE_RESULT' (this will throw an Error in a future version of PHP)
in SYSTEMPATH/Database/Database.php on line 139.
 1 SYSTEMPATH/Database/Database.php(139): CodeIgniter\Debug\Exceptions->errorHandler()
 2 SYSTEMPATH/Database/Database.php(56): CodeIgniter\Database\Database->initDriver()
 3 SYSTEMPATH/Database/Config.php(82): CodeIgniter\Database\Database->load()
 4 SYSTEMPATH/Model.php(155): CodeIgniter\Database\Config::connect()
 5 APPPATH/Controllers/Categories.php(20): CodeIgniter\Model->__construct()
 6 SYSTEMPATH/CodeIgniter.php(906): App\Controllers\Categories->__construct()
 7 SYSTEMPATH/CodeIgniter.php(490): CodeIgniter\CodeIgniter->createController()
 8 SYSTEMPATH/CodeIgniter.php(368): CodeIgniter\CodeIgniter->handleRequest()
 9 FCPATH/index.php(67): CodeIgniter\CodeIgniter->run()
10 SYSTEMPATH/Commands/Server/rewrite.php(47): require_once('FCPATH/index.php')
CRITICAL - 2023-03-11 10:16:25 --> Use of undefined constant MYSQLI_STORE_RESULT - assumed 'MYSQLI_STORE_RESULT' (this will throw an Error in a future version of PHP)
in SYSTEMPATH/Database/Database.php on line 139.
 1 SYSTEMPATH/Database/Database.php(139): CodeIgniter\Debug\Exceptions->errorHandler()
 2 SYSTEMPATH/Database/Database.php(56): CodeIgniter\Database\Database->initDriver()
 3 SYSTEMPATH/Database/Config.php(82): CodeIgniter\Database\Database->load()
 4 SYSTEMPATH/Model.php(155): CodeIgniter\Database\Config::connect()
 5 APPPATH/Controllers/Categories.php(20): CodeIgniter\Model->__construct()
 6 SYSTEMPATH/CodeIgniter.php(906): App\Controllers\Categories->__construct()
 7 SYSTEMPATH/CodeIgniter.php(490): CodeIgniter\CodeIgniter->createController()
 8 SYSTEMPATH/CodeIgniter.php(368): CodeIgniter\CodeIgniter->handleRequest()
 9 FCPATH/index.php(67): CodeIgniter\CodeIgniter->run()
10 SYSTEMPATH/Commands/Server/rewrite.php(47): require_once('FCPATH/index.php')
CRITICAL - 2023-03-11 10:17:09 --> Use of undefined constant MYSQLI_STORE_RESULT - assumed 'MYSQLI_STORE_RESULT' (this will throw an Error in a future version of PHP)
in SYSTEMPATH/Database/Database.php on line 139.
 1 SYSTEMPATH/Database/Database.php(139): CodeIgniter\Debug\Exceptions->errorHandler()
 2 SYSTEMPATH/Database/Database.php(56): CodeIgniter\Database\Database->initDriver()
 3 SYSTEMPATH/Database/Config.php(82): CodeIgniter\Database\Database->load()
 4 SYSTEMPATH/Model.php(155): CodeIgniter\Database\Config::connect()
 5 APPPATH/Controllers/Categories.php(30): CodeIgniter\Model->__construct()
 6 SYSTEMPATH/CodeIgniter.php(934): App\Controllers\Categories->index()
 7 SYSTEMPATH/CodeIgniter.php(499): CodeIgniter\CodeIgniter->runController()
 8 SYSTEMPATH/CodeIgniter.php(368): CodeIgniter\CodeIgniter->handleRequest()
 9 FCPATH/index.php(67): CodeIgniter\CodeIgniter->run()
10 SYSTEMPATH/Commands/Server/rewrite.php(47): require_once('FCPATH/index.php')
CRITICAL - 2023-03-11 10:17:19 --> Use of undefined constant MYSQLI_STORE_RESULT - assumed 'MYSQLI_STORE_RESULT' (this will throw an Error in a future version of PHP)
in SYSTEMPATH/Database/Database.php on line 139.
 1 SYSTEMPATH/Database/Database.php(139): CodeIgniter\Debug\Exceptions->errorHandler()
 2 SYSTEMPATH/Database/Database.php(56): CodeIgniter\Database\Database->initDriver()
 3 SYSTEMPATH/Database/Config.php(82): CodeIgniter\Database\Database->load()
 4 SYSTEMPATH/Model.php(155): CodeIgniter\Database\Config::connect()
 5 APPPATH/Controllers/Categories.php(30): CodeIgniter\Model->__construct()
 6 SYSTEMPATH/CodeIgniter.php(934): App\Controllers\Categories->index()
 7 SYSTEMPATH/CodeIgniter.php(499): CodeIgniter\CodeIgniter->runController()
 8 SYSTEMPATH/CodeIgniter.php(368): CodeIgniter\CodeIgniter->handleRequest()
 9 FCPATH/index.php(67): CodeIgniter\CodeIgniter->run()
10 SYSTEMPATH/Commands/Server/rewrite.php(47): require_once('FCPATH/index.php')
CRITICAL - 2023-03-11 10:18:34 --> Use of undefined constant MYSQLI_STORE_RESULT - assumed 'MYSQLI_STORE_RESULT' (this will throw an Error in a future version of PHP)
in SYSTEMPATH/Database/Database.php on line 139.
 1 SYSTEMPATH/Database/Database.php(139): CodeIgniter\Debug\Exceptions->errorHandler()
 2 SYSTEMPATH/Database/Database.php(56): CodeIgniter\Database\Database->initDriver()
 3 SYSTEMPATH/Database/Config.php(82): CodeIgniter\Database\Database->load()
 4 SYSTEMPATH/Model.php(155): CodeIgniter\Database\Config::connect()
 5 APPPATH/Controllers/Categories.php(30): CodeIgniter\Model->__construct()
 6 SYSTEMPATH/CodeIgniter.php(934): App\Controllers\Categories->index()
 7 SYSTEMPATH/CodeIgniter.php(499): CodeIgniter\CodeIgniter->runController()
 8 SYSTEMPATH/CodeIgniter.php(368): CodeIgniter\CodeIgniter->handleRequest()
 9 FCPATH/index.php(67): CodeIgniter\CodeIgniter->run()
10 SYSTEMPATH/Commands/Server/rewrite.php(47): require_once('FCPATH/index.php')
CRITICAL - 2023-03-11 10:19:39 --> Use of undefined constant MYSQLI_STORE_RESULT - assumed 'MYSQLI_STORE_RESULT' (this will throw an Error in a future version of PHP)
in SYSTEMPATH/Database/Database.php on line 139.
 1 SYSTEMPATH/Database/Database.php(139): CodeIgniter\Debug\Exceptions->errorHandler()
 2 SYSTEMPATH/Database/Database.php(56): CodeIgniter\Database\Database->initDriver()
 3 SYSTEMPATH/Database/Config.php(82): CodeIgniter\Database\Database->load()
 4 SYSTEMPATH/Model.php(155): CodeIgniter\Database\Config::connect()
 5 APPPATH/Controllers/Categories.php(30): CodeIgniter\Model->__construct()
 6 SYSTEMPATH/CodeIgniter.php(934): App\Controllers\Categories->index()
 7 SYSTEMPATH/CodeIgniter.php(499): CodeIgniter\CodeIgniter->runController()
 8 SYSTEMPATH/CodeIgniter.php(368): CodeIgniter\CodeIgniter->handleRequest()
 9 FCPATH/index.php(67): CodeIgniter\CodeIgniter->run()
10 SYSTEMPATH/Commands/Server/rewrite.php(47): require_once('FCPATH/index.php')
CRITICAL - 2023-03-11 10:22:57 --> Use of undefined constant MYSQLI_STORE_RESULT - assumed 'MYSQLI_STORE_RESULT' (this will throw an Error in a future version of PHP)
in SYSTEMPATH/Database/Database.php on line 139.
 1 SYSTEMPATH/Database/Database.php(139): CodeIgniter\Debug\Exceptions->errorHandler()
 2 SYSTEMPATH/Database/Database.php(56): CodeIgniter\Database\Database->initDriver()
 3 SYSTEMPATH/Database/Config.php(82): CodeIgniter\Database\Database->load()
 4 SYSTEMPATH/Model.php(155): CodeIgniter\Database\Config::connect()
 5 APPPATH/Controllers/Categories.php(30): CodeIgniter\Model->__construct()
 6 SYSTEMPATH/CodeIgniter.php(934): App\Controllers\Categories->index()
 7 SYSTEMPATH/CodeIgniter.php(499): CodeIgniter\CodeIgniter->runController()
 8 SYSTEMPATH/CodeIgniter.php(368): CodeIgniter\CodeIgniter->handleRequest()
 9 FCPATH/index.php(67): CodeIgniter\CodeIgniter->run()
10 SYSTEMPATH/Commands/Server/rewrite.php(47): require_once('FCPATH/index.php')
CRITICAL - 2023-03-11 11:29:30 --> Call to a member function findAll() on null
in APPPATH/Controllers/Categories.php on line 31.
 1 SYSTEMPATH/CodeIgniter.php(934): App\Controllers\Categories->index()
 2 SYSTEMPATH/CodeIgniter.php(499): CodeIgniter\CodeIgniter->runController()
 3 SYSTEMPATH/CodeIgniter.php(368): CodeIgniter\CodeIgniter->handleRequest()
 4 FCPATH/index.php(67): CodeIgniter\CodeIgniter->run()
 5 SYSTEMPATH/Commands/Server/rewrite.php(47): require_once('FCPATH/index.php')
CRITICAL - 2023-03-11 11:29:44 --> Call to a member function find() on null
in APPPATH/Controllers/Categories.php on line 31.
 1 SYSTEMPATH/CodeIgniter.php(934): App\Controllers\Categories->index()
 2 SYSTEMPATH/CodeIgniter.php(499): CodeIgniter\CodeIgniter->runController()
 3 SYSTEMPATH/CodeIgniter.php(368): CodeIgniter\CodeIgniter->handleRequest()
 4 FCPATH/index.php(67): CodeIgniter\CodeIgniter->run()
 5 SYSTEMPATH/Commands/Server/rewrite.php(47): require_once('FCPATH/index.php')
ERROR - 2023-03-11 11:36:58 --> mysqli_sql_exception: Unknown column 'category.id' in 'where clause' in /home/flac/Documents/api-apteka/vendor/codeigniter4/framework/system/Database/MySQLi/Connection.php:295
Stack trace:
#0 /home/flac/Documents/api-apteka/vendor/codeigniter4/framework/system/Database/MySQLi/Connection.php(295): mysqli->query()
#1 /home/flac/Documents/api-apteka/vendor/codeigniter4/framework/system/Database/BaseConnection.php(691): CodeIgniter\Database\MySQLi\Connection->execute()
#2 /home/flac/Documents/api-apteka/vendor/codeigniter4/framework/system/Database/BaseConnection.php(605): CodeIgniter\Database\BaseConnection->simpleQuery()
#3 /home/flac/Documents/api-apteka/vendor/codeigniter4/framework/system/Database/BaseBuilder.php(1616): CodeIgniter\Database\BaseConnection->query()
#4 /home/flac/Documents/api-apteka/vendor/codeigniter4/framework/system/Model.php(200): CodeIgniter\Database\BaseBuilder->get()
#5 /home/flac/Documents/api-apteka/vendor/codeigniter4/framework/system/BaseModel.php(557): CodeIgniter\Model->doFind()
#6 /home/flac/Documents/api-apteka/app/Controllers/Categories.php(44): CodeIgniter\BaseModel->find()
#7 /home/flac/Documents/api-apteka/vendor/codeigniter4/framework/system/CodeIgniter.php(934): App\Controllers\Categories->show()
#8 /home/flac/Documents/api-apteka/vendor/codeigniter4/framework/system/CodeIgniter.php(499): CodeIgniter\CodeIgniter->runController()
#9 /home/flac/Documents/api-apteka/vendor/codeigniter4/framework/system/CodeIgniter.php(368): CodeIgniter\CodeIgniter->handleRequest()
#10 /home/flac/Documents/api-apteka/public/index.php(67): CodeIgniter\CodeIgniter->run()
#11 /home/flac/Documents/api-apteka/vendor/codeigniter4/framework/system/Commands/Server/rewrite.php(47): require_once('/home/flac/Docu...')
#12 {main}
CRITICAL - 2023-03-11 11:36:58 --> Unknown column 'category.id' in 'where clause'
in SYSTEMPATH/Database/BaseConnection.php on line 645.
 1 SYSTEMPATH/Database/BaseBuilder.php(1616): CodeIgniter\Database\BaseConnection->query()
 2 SYSTEMPATH/Model.php(200): CodeIgniter\Database\BaseBuilder->get()
 3 SYSTEMPATH/BaseModel.php(557): CodeIgniter\Model->doFind()
 4 APPPATH/Controllers/Categories.php(44): CodeIgniter\BaseModel->find()
 5 SYSTEMPATH/CodeIgniter.php(934): App\Controllers\Categories->show()
 6 SYSTEMPATH/CodeIgniter.php(499): CodeIgniter\CodeIgniter->runController()
 7 SYSTEMPATH/CodeIgniter.php(368): CodeIgniter\CodeIgniter->handleRequest()
 8 FCPATH/index.php(67): CodeIgniter\CodeIgniter->run()
 9 SYSTEMPATH/Commands/Server/rewrite.php(47): require_once('FCPATH/index.php')
ERROR - 2023-03-11 11:37:04 --> mysqli_sql_exception: Unknown column 'category.id' in 'where clause' in /home/flac/Documents/api-apteka/vendor/codeigniter4/framework/system/Database/MySQLi/Connection.php:295
Stack trace:
#0 /home/flac/Documents/api-apteka/vendor/codeigniter4/framework/system/Database/MySQLi/Connection.php(295): mysqli->query()
#1 /home/flac/Documents/api-apteka/vendor/codeigniter4/framework/system/Database/BaseConnection.php(691): CodeIgniter\Database\MySQLi\Connection->execute()
#2 /home/flac/Documents/api-apteka/vendor/codeigniter4/framework/system/Database/BaseConnection.php(605): CodeIgniter\Database\BaseConnection->simpleQuery()
#3 /home/flac/Documents/api-apteka/vendor/codeigniter4/framework/system/Database/BaseBuilder.php(1616): CodeIgniter\Database\BaseConnection->query()
#4 /home/flac/Documents/api-apteka/vendor/codeigniter4/framework/system/Model.php(200): CodeIgniter\Database\BaseBuilder->get()
#5 /home/flac/Documents/api-apteka/vendor/codeigniter4/framework/system/BaseModel.php(557): CodeIgniter\Model->doFind()
#6 /home/flac/Documents/api-apteka/app/Controllers/Categories.php(44): CodeIgniter\BaseModel->find()
#7 /home/flac/Documents/api-apteka/vendor/codeigniter4/framework/system/CodeIgniter.php(934): App\Controllers\Categories->show()
#8 /home/flac/Documents/api-apteka/vendor/codeigniter4/framework/system/CodeIgniter.php(499): CodeIgniter\CodeIgniter->runController()
#9 /home/flac/Documents/api-apteka/vendor/codeigniter4/framework/system/CodeIgniter.php(368): CodeIgniter\CodeIgniter->handleRequest()
#10 /home/flac/Documents/api-apteka/public/index.php(67): CodeIgniter\CodeIgniter->run()
#11 /home/flac/Documents/api-apteka/vendor/codeigniter4/framework/system/Commands/Server/rewrite.php(47): require_once('/home/flac/Docu...')
#12 {main}
CRITICAL - 2023-03-11 11:37:04 --> Unknown column 'category.id' in 'where clause'
in SYSTEMPATH/Database/BaseConnection.php on line 645.
 1 SYSTEMPATH/Database/BaseBuilder.php(1616): CodeIgniter\Database\BaseConnection->query()
 2 SYSTEMPATH/Model.php(200): CodeIgniter\Database\BaseBuilder->get()
 3 SYSTEMPATH/BaseModel.php(557): CodeIgniter\Model->doFind()
 4 APPPATH/Controllers/Categories.php(44): CodeIgniter\BaseModel->find()
 5 SYSTEMPATH/CodeIgniter.php(934): App\Controllers\Categories->show()
 6 SYSTEMPATH/CodeIgniter.php(499): CodeIgniter\CodeIgniter->runController()
 7 SYSTEMPATH/CodeIgniter.php(368): CodeIgniter\CodeIgniter->handleRequest()
 8 FCPATH/index.php(67): CodeIgniter\CodeIgniter->run()
 9 SYSTEMPATH/Commands/Server/rewrite.php(47): require_once('FCPATH/index.php')
ERROR - 2023-03-11 11:37:57 --> mysqli_sql_exception: Unknown column 'category.id' in 'where clause' in /home/flac/Documents/api-apteka/vendor/codeigniter4/framework/system/Database/MySQLi/Connection.php:295
Stack trace:
#0 /home/flac/Documents/api-apteka/vendor/codeigniter4/framework/system/Database/MySQLi/Connection.php(295): mysqli->query()
#1 /home/flac/Documents/api-apteka/vendor/codeigniter4/framework/system/Database/BaseConnection.php(691): CodeIgniter\Database\MySQLi\Connection->execute()
#2 /home/flac/Documents/api-apteka/vendor/codeigniter4/framework/system/Database/BaseConnection.php(605): CodeIgniter\Database\BaseConnection->simpleQuery()
#3 /home/flac/Documents/api-apteka/vendor/codeigniter4/framework/system/Database/BaseBuilder.php(1616): CodeIgniter\Database\BaseConnection->query()
#4 /home/flac/Documents/api-apteka/vendor/codeigniter4/framework/system/Model.php(200): CodeIgniter\Database\BaseBuilder->get()
#5 /home/flac/Documents/api-apteka/vendor/codeigniter4/framework/system/BaseModel.php(557): CodeIgniter\Model->doFind()
#6 /home/flac/Documents/api-apteka/app/Controllers/Categories.php(44): CodeIgniter\BaseModel->find()
#7 /home/flac/Documents/api-apteka/vendor/codeigniter4/framework/system/CodeIgniter.php(934): App\Controllers\Categories->show()
#8 /home/flac/Documents/api-apteka/vendor/codeigniter4/framework/system/CodeIgniter.php(499): CodeIgniter\CodeIgniter->runController()
#9 /home/flac/Documents/api-apteka/vendor/codeigniter4/framework/system/CodeIgniter.php(368): CodeIgniter\CodeIgniter->handleRequest()
#10 /home/flac/Documents/api-apteka/public/index.php(67): CodeIgniter\CodeIgniter->run()
#11 /home/flac/Documents/api-apteka/vendor/codeigniter4/framework/system/Commands/Server/rewrite.php(47): require_once('/home/flac/Docu...')
#12 {main}
CRITICAL - 2023-03-11 11:37:57 --> Unknown column 'category.id' in 'where clause'
in SYSTEMPATH/Database/BaseConnection.php on line 645.
 1 SYSTEMPATH/Database/BaseBuilder.php(1616): CodeIgniter\Database\BaseConnection->query()
 2 SYSTEMPATH/Model.php(200): CodeIgniter\Database\BaseBuilder->get()
 3 SYSTEMPATH/BaseModel.php(557): CodeIgniter\Model->doFind()
 4 APPPATH/Controllers/Categories.php(44): CodeIgniter\BaseModel->find()
 5 SYSTEMPATH/CodeIgniter.php(934): App\Controllers\Categories->show()
 6 SYSTEMPATH/CodeIgniter.php(499): CodeIgniter\CodeIgniter->runController()
 7 SYSTEMPATH/CodeIgniter.php(368): CodeIgniter\CodeIgniter->handleRequest()
 8 FCPATH/index.php(67): CodeIgniter\CodeIgniter->run()
 9 SYSTEMPATH/Commands/Server/rewrite.php(47): require_once('FCPATH/index.php')
